<?xml version="1.0" encoding="utf-8"?>
<TestRun id="7d48a372-de18-4ccc-864f-4c674161294a" name="DELL-DIDI$@DELL-DIDI 2026-02-25 19:18:39" runUser="NT AUTHORITY\SYSTEM" xmlns="http://microsoft.com/schemas/VisualStudio/TeamTest/2010">
  <Times creation="2026-02-25T19:18:39.2533741+00:00" queuing="2026-02-25T19:18:39.2533749+00:00" start="2026-02-25T19:18:37.7387191+00:00" finish="2026-02-25T19:18:39.3880383+00:00" />
  <TestSettings name="default" id="809002ed-f29e-4567-adb6-6cd39990262f">
    <Deployment runDeploymentRoot="DELL-DIDI$_DELL-DIDI_2026-02-25_19_18_39" />
  </TestSettings>
  <Results>
    <UnitTestResult executionId="f9211712-aff3-41c1-859f-4e7993c6495a" testId="3c9cd606-18be-b843-fe65-26d3c2c86a93" testName="Recommendation.API.Tests.Unit.RecommendationServiceTests.GetTrendingAsync_ReturnsEmpty_WhenNoProducts" computerName="DELL-DIDI" duration="00:00:00.0016204" startTime="2026-02-25T19:18:39.2744951+00:00" endTime="2026-02-25T19:18:39.2744954+00:00" testType="13cdc9d9-ddb5-4fa4-a97d-d965ccfc6d4b" outcome="Passed" testListId="8c84fa94-04c1-424b-9868-57a2d4851a1d" relativeResultsDirectory="f9211712-aff3-41c1-859f-4e7993c6495a" />
    <UnitTestResult executionId="9d8355c7-19c9-4fcf-9a2b-9716b0249644" testId="5eaef1de-6f2a-5f56-c4dc-9dc7c47b860c" testName="Recommendation.API.Tests.Unit.RecommendationServiceTests.GetPersonalizedAsync_WithHistoryButNoSimilarUsers_ReturnsTrending7Days" computerName="DELL-DIDI" duration="00:00:00.0037268" startTime="2026-02-25T19:18:39.2783471+00:00" endTime="2026-02-25T19:18:39.2783477+00:00" testType="13cdc9d9-ddb5-4fa4-a97d-d965ccfc6d4b" outcome="Passed" testListId="8c84fa94-04c1-424b-9868-57a2d4851a1d" relativeResultsDirectory="9d8355c7-19c9-4fcf-9a2b-9716b0249644" />
    <UnitTestResult executionId="9fd607a0-edcc-4c86-876e-b3c269976ff0" testId="5dec0a9b-3ca7-d71a-5c21-7a97a58e5119" testName="Recommendation.API.Tests.Unit.ScoreCalculatorTests.CalculateConfidence_IsProportionalToSimilarUsers(users: 50, expected: 1)" computerName="DELL-DIDI" duration="00:00:00.0000441" startTime="2026-02-25T19:18:39.1467404+00:00" endTime="2026-02-25T19:18:39.1467405+00:00" testType="13cdc9d9-ddb5-4fa4-a97d-d965ccfc6d4b" outcome="Passed" testListId="8c84fa94-04c1-424b-9868-57a2d4851a1d" relativeResultsDirectory="9fd607a0-edcc-4c86-876e-b3c269976ff0" />
    <UnitTestResult executionId="7382bbe6-5a34-4357-be21-f9c137a0faaa" testId="7546e4df-e5b6-711e-2a85-029ef04a0716" testName="Recommendation.API.Tests.Unit.RecommendationServiceTests.GetTrendingAsync_ReturnsProductsWithTrendingReason" computerName="DELL-DIDI" duration="00:00:00.0015169" startTime="2026-02-25T19:18:39.2799618+00:00" endTime="2026-02-25T19:18:39.2799619+00:00" testType="13cdc9d9-ddb5-4fa4-a97d-d965ccfc6d4b" outcome="Passed" testListId="8c84fa94-04c1-424b-9868-57a2d4851a1d" relativeResultsDirectory="7382bbe6-5a34-4357-be21-f9c137a0faaa" />
    <UnitTestResult executionId="8a91f886-39e4-42a1-ad37-19b6d5798f8e" testId="ee220c8e-a21c-1ed7-4208-913af6151305" testName="Recommendation.API.Tests.Unit.CollaborativeFilteringAlgorithmTests.GetRecommendedProductIds_WithSimilarUsers_AppliesLimit" computerName="DELL-DIDI" duration="00:00:00.0022294" startTime="2026-02-25T19:18:39.2296106+00:00" endTime="2026-02-25T19:18:39.2296107+00:00" testType="13cdc9d9-ddb5-4fa4-a97d-d965ccfc6d4b" outcome="Passed" testListId="8c84fa94-04c1-424b-9868-57a2d4851a1d" relativeResultsDirectory="8a91f886-39e4-42a1-ad37-19b6d5798f8e" />
    <UnitTestResult executionId="9f7a0b58-6742-41a3-bfbc-5132c31b4f95" testId="f7a884cc-550b-b160-c191-d467a2c49204" testName="Recommendation.API.Tests.Unit.RecommendationServiceTests.GetPersonalizedAsync_RespectsLimit" computerName="DELL-DIDI" duration="00:00:00.0018748" startTime="2026-02-25T19:18:39.2706270+00:00" endTime="2026-02-25T19:18:39.2706275+00:00" testType="13cdc9d9-ddb5-4fa4-a97d-d965ccfc6d4b" outcome="Passed" testListId="8c84fa94-04c1-424b-9868-57a2d4851a1d" relativeResultsDirectory="9f7a0b58-6742-41a3-bfbc-5132c31b4f95" />
    <UnitTestResult executionId="7e64378f-4fdf-4e48-b4ae-e9db3553b6cd" testId="edb88cdd-be02-0580-f01b-041378b26136" testName="Recommendation.API.Tests.Unit.CollaborativeFilteringAlgorithmTests.GetRecommendedProductIds_ColdStart_CallsTrending30Days" computerName="DELL-DIDI" duration="00:00:00.1222370" startTime="2026-02-25T19:18:39.2291909+00:00" endTime="2026-02-25T19:18:39.2291909+00:00" testType="13cdc9d9-ddb5-4fa4-a97d-d965ccfc6d4b" outcome="Passed" testListId="8c84fa94-04c1-424b-9868-57a2d4851a1d" relativeResultsDirectory="7e64378f-4fdf-4e48-b4ae-e9db3553b6cd" />
    <UnitTestResult executionId="9330df5a-133c-456b-9adb-43f1749dc523" testId="187d932d-15b5-bcb0-170f-634eb4b56270" testName="Recommendation.API.Tests.Unit.ScoreCalculatorTests.CalculateScore_RecentProduct_HasHigherScore" computerName="DELL-DIDI" duration="00:00:00.0001354" startTime="2026-02-25T19:18:39.2028141+00:00" endTime="2026-02-25T19:18:39.2028142+00:00" testType="13cdc9d9-ddb5-4fa4-a97d-d965ccfc6d4b" outcome="Passed" testListId="8c84fa94-04c1-424b-9868-57a2d4851a1d" relativeResultsDirectory="9330df5a-133c-456b-9adb-43f1749dc523" />
    <UnitTestResult executionId="4afd3344-e50a-49f9-b292-7657e99c2db8" testId="c90f22cc-4a57-e96e-4cc1-aded9e6ff70e" testName="Recommendation.API.Tests.Unit.ContentBasedFilteringAlgorithmTests.GetSimilarProductIds_DelegatesToRepository" computerName="DELL-DIDI" duration="00:00:00.0067364" startTime="2026-02-25T19:18:39.2289499+00:00" endTime="2026-02-25T19:18:39.2289500+00:00" testType="13cdc9d9-ddb5-4fa4-a97d-d965ccfc6d4b" outcome="Passed" testListId="8c84fa94-04c1-424b-9868-57a2d4851a1d" relativeResultsDirectory="4afd3344-e50a-49f9-b292-7657e99c2db8" />
    <UnitTestResult executionId="279f92c9-a0ec-4b0e-8193-9b5cad31acef" testId="e9fcb80c-1047-6dfb-c149-cb50a7384c70" testName="Recommendation.API.Tests.Unit.CollaborativeFilteringAlgorithmTests.GetRecommendedProductIds_NoSimilarUsers_CallsTrending7Days" computerName="DELL-DIDI" duration="00:00:00.0012284" startTime="2026-02-25T19:18:39.2393109+00:00" endTime="2026-02-25T19:18:39.2393113+00:00" testType="13cdc9d9-ddb5-4fa4-a97d-d965ccfc6d4b" outcome="Passed" testListId="8c84fa94-04c1-424b-9868-57a2d4851a1d" relativeResultsDirectory="279f92c9-a0ec-4b0e-8193-9b5cad31acef" />
    <UnitTestResult executionId="ac6f8f44-f135-4ed3-81d9-87a9f97ab53d" testId="181219d1-3cbb-9798-14ef-52423b98b9cc" testName="Recommendation.API.Tests.Unit.RecommendationServiceTests.GetTrendingAsync_ScoreDecreasesWithPosition" computerName="DELL-DIDI" duration="00:00:00.0052530" startTime="2026-02-25T19:18:39.2377200+00:00" endTime="2026-02-25T19:18:39.2377207+00:00" testType="13cdc9d9-ddb5-4fa4-a97d-d965ccfc6d4b" outcome="Passed" testListId="8c84fa94-04c1-424b-9868-57a2d4851a1d" relativeResultsDirectory="ac6f8f44-f135-4ed3-81d9-87a9f97ab53d" />
    <UnitTestResult executionId="1479c0e1-15ca-4be2-b168-b8da7b9f07ae" testId="4a7b7ca8-4811-aed6-6383-18cbf8011d91" testName="Recommendation.API.Tests.Unit.ScoreCalculatorTests.CalculateConfidence_IsProportionalToSimilarUsers(users: 0, expected: 0)" computerName="DELL-DIDI" duration="00:00:00.0000118" startTime="2026-02-25T19:18:39.1471654+00:00" endTime="2026-02-25T19:18:39.1471656+00:00" testType="13cdc9d9-ddb5-4fa4-a97d-d965ccfc6d4b" outcome="Passed" testListId="8c84fa94-04c1-424b-9868-57a2d4851a1d" relativeResultsDirectory="1479c0e1-15ca-4be2-b168-b8da7b9f07ae" />
    <UnitTestResult executionId="123353e6-2375-4002-ab75-92a0255c14a8" testId="b9ddb429-9016-3be6-880c-97e689679d67" testName="Recommendation.API.Tests.Unit.ScoreCalculatorTests.CalculateConfidence_IsProportionalToSimilarUsers(users: 10, expected: 0.5)" computerName="DELL-DIDI" duration="00:00:00.0056325" startTime="2026-02-25T19:18:39.1351783+00:00" endTime="2026-02-25T19:18:39.1352071+00:00" testType="13cdc9d9-ddb5-4fa4-a97d-d965ccfc6d4b" outcome="Passed" testListId="8c84fa94-04c1-424b-9868-57a2d4851a1d" relativeResultsDirectory="123353e6-2375-4002-ab75-92a0255c14a8" />
    <UnitTestResult executionId="55bf4351-3d54-44bd-91a5-3ce9a7b141ad" testId="85ef28e7-3148-960f-3c2a-d4c2ff5c7300" testName="Recommendation.API.Tests.Unit.RecommendationServiceTests.GetPersonalizedAsync_WithHistory_UsesCollaborativeFiltering" computerName="DELL-DIDI" duration="00:00:00.1187719" startTime="2026-02-25T19:18:39.2234906+00:00" endTime="2026-02-25T19:18:39.2234911+00:00" testType="13cdc9d9-ddb5-4fa4-a97d-d965ccfc6d4b" outcome="Passed" testListId="8c84fa94-04c1-424b-9868-57a2d4851a1d" relativeResultsDirectory="55bf4351-3d54-44bd-91a5-3ce9a7b141ad" />
    <UnitTestResult executionId="1f284c56-d873-4e00-b5b9-1acd075a1254" testId="15258a24-9a4a-b626-b4e5-83518883735a" testName="Recommendation.API.Tests.Unit.RecommendationServiceTests.GetUserHistoryAsync_ReturnsEmpty_WhenNoHistory" computerName="DELL-DIDI" duration="00:00:00.0015834" startTime="2026-02-25T19:18:39.2397506+00:00" endTime="2026-02-25T19:18:39.2397508+00:00" testType="13cdc9d9-ddb5-4fa4-a97d-d965ccfc6d4b" outcome="Passed" testListId="8c84fa94-04c1-424b-9868-57a2d4851a1d" relativeResultsDirectory="1f284c56-d873-4e00-b5b9-1acd075a1254" />
    <UnitTestResult executionId="e9eed94d-3f09-43fd-9011-a574f854e41a" testId="ce39b2fb-6fa5-0509-67db-66c2f1c8ee4e" testName="Recommendation.API.Tests.Unit.RecommendationServiceTests.GetPersonalizedAsync_ColdStart_ReturnsEmpty_WhenNoTrending" computerName="DELL-DIDI" duration="00:00:00.0029282" startTime="2026-02-25T19:18:39.2432501+00:00" endTime="2026-02-25T19:18:39.2432509+00:00" testType="13cdc9d9-ddb5-4fa4-a97d-d965ccfc6d4b" outcome="Passed" testListId="8c84fa94-04c1-424b-9868-57a2d4851a1d" relativeResultsDirectory="e9eed94d-3f09-43fd-9011-a574f854e41a" />
    <UnitTestResult executionId="e7ed0d10-8904-422b-8d0d-83401379e820" testId="0fe6314c-55a5-b6c2-d315-94df8660381c" testName="Recommendation.API.Tests.Unit.ScoreCalculatorTests.CalculateScore_HighPurchaseCount_HasHigherScore" computerName="DELL-DIDI" duration="00:00:00.0001197" startTime="2026-02-25T19:18:39.2031995+00:00" endTime="2026-02-25T19:18:39.2031996+00:00" testType="13cdc9d9-ddb5-4fa4-a97d-d965ccfc6d4b" outcome="Passed" testListId="8c84fa94-04c1-424b-9868-57a2d4851a1d" relativeResultsDirectory="e7ed0d10-8904-422b-8d0d-83401379e820" />
    <UnitTestResult executionId="0502c00c-8e20-410b-9064-dc82281b8ffe" testId="cee4d745-2224-2c39-7635-a56c05cf04bf" testName="Recommendation.API.Tests.Unit.RecommendationServiceTests.GetUserHistoryAsync_ReturnsProductIds" computerName="DELL-DIDI" duration="00:00:00.0018205" startTime="2026-02-25T19:18:39.2569665+00:00" endTime="2026-02-25T19:18:39.2569668+00:00" testType="13cdc9d9-ddb5-4fa4-a97d-d965ccfc6d4b" outcome="Passed" testListId="8c84fa94-04c1-424b-9868-57a2d4851a1d" relativeResultsDirectory="0502c00c-8e20-410b-9064-dc82281b8ffe" />
    <UnitTestResult executionId="291186b7-55db-4015-9081-bed7ec74c28a" testId="cbe9b79c-4d97-b0c2-0a38-caeb149ff23b" testName="Recommendation.API.Tests.Unit.ScoreCalculatorTests.GenerateReason_ReturnsCorrectMessage(users: 15, expectedPart: &quot;15 utilisateurs&quot;)" computerName="DELL-DIDI" duration="00:00:00.0000254" startTime="2026-02-25T19:18:39.2012119+00:00" endTime="2026-02-25T19:18:39.2012124+00:00" testType="13cdc9d9-ddb5-4fa4-a97d-d965ccfc6d4b" outcome="Passed" testListId="8c84fa94-04c1-424b-9868-57a2d4851a1d" relativeResultsDirectory="291186b7-55db-4015-9081-bed7ec74c28a" />
    <UnitTestResult executionId="244f5fe4-fec3-4a87-ac51-a9b052556b89" testId="e03ad6b8-1484-03fe-41dc-a5699fe3d9c5" testName="Recommendation.API.Tests.Unit.ScoreCalculatorTests.CalculateScore_HighRating_HasHigherScore" computerName="DELL-DIDI" duration="00:00:00.0002530" startTime="2026-02-25T19:18:39.2023911+00:00" endTime="2026-02-25T19:18:39.2023914+00:00" testType="13cdc9d9-ddb5-4fa4-a97d-d965ccfc6d4b" outcome="Passed" testListId="8c84fa94-04c1-424b-9868-57a2d4851a1d" relativeResultsDirectory="244f5fe4-fec3-4a87-ac51-a9b052556b89" />
    <UnitTestResult executionId="4ac50a25-e272-45cc-a132-4442b8583052" testId="4ad2f402-1462-bff4-c415-4914c9c09576" testName="Recommendation.API.Tests.Unit.ScoreCalculatorTests.CalculateConfidence_IsProportionalToSimilarUsers(users: 20, expected: 1)" computerName="DELL-DIDI" duration="00:00:00.0002702" startTime="2026-02-25T19:18:39.1453624+00:00" endTime="2026-02-25T19:18:39.1453626+00:00" testType="13cdc9d9-ddb5-4fa4-a97d-d965ccfc6d4b" outcome="Passed" testListId="8c84fa94-04c1-424b-9868-57a2d4851a1d" relativeResultsDirectory="4ac50a25-e272-45cc-a132-4442b8583052" />
    <UnitTestResult executionId="95406aa7-8f4a-4dc2-bdd0-3d463d0833be" testId="b41aaed4-dac4-cb1e-160c-efa24840a2fa" testName="Recommendation.API.Tests.Unit.CollaborativeFilteringAlgorithmTests.GetRecommendedProductIds_PassesCorrectSimilarUsersList" computerName="DELL-DIDI" duration="00:00:00.0085999" startTime="2026-02-25T19:18:39.2383430+00:00" endTime="2026-02-25T19:18:39.2383431+00:00" testType="13cdc9d9-ddb5-4fa4-a97d-d965ccfc6d4b" outcome="Passed" testListId="8c84fa94-04c1-424b-9868-57a2d4851a1d" relativeResultsDirectory="95406aa7-8f4a-4dc2-bdd0-3d463d0833be" />
    <UnitTestResult executionId="4ae0be3d-d2dd-4c30-9467-e31a587bad97" testId="995b2017-4866-a945-7e3a-74fa3eafc55a" testName="Recommendation.API.Tests.Unit.ContentBasedFilteringAlgorithmTests.GetSimilarProductIds_ReturnsEmpty_WhenNoSimilar" computerName="DELL-DIDI" duration="00:00:00.0041272" startTime="2026-02-25T19:18:39.2199279+00:00" endTime="2026-02-25T19:18:39.2199282+00:00" testType="13cdc9d9-ddb5-4fa4-a97d-d965ccfc6d4b" outcome="Passed" testListId="8c84fa94-04c1-424b-9868-57a2d4851a1d" relativeResultsDirectory="4ae0be3d-d2dd-4c30-9467-e31a587bad97" />
    <UnitTestResult executionId="cc41df62-7749-4b4b-bd67-110753acf8da" testId="9bc73937-14bc-bd8a-fa8b-7967e8689e3a" testName="Recommendation.API.Tests.Unit.ScoreCalculatorTests.GenerateReason_ReturnsCorrectMessage(users: 6, expectedPart: &quot;similaires&quot;)" computerName="DELL-DIDI" duration="00:00:00.0190631" startTime="2026-02-25T19:18:39.1476847+00:00" endTime="2026-02-25T19:18:39.1476849+00:00" testType="13cdc9d9-ddb5-4fa4-a97d-d965ccfc6d4b" outcome="Passed" testListId="8c84fa94-04c1-424b-9868-57a2d4851a1d" relativeResultsDirectory="cc41df62-7749-4b4b-bd67-110753acf8da" />
    <UnitTestResult executionId="aadca6ef-3f6c-47bd-8873-2ad3c8fa43d8" testId="497f877e-33b9-8264-fc50-6ec3b444e7e4" testName="Recommendation.API.Tests.Unit.ScoreCalculatorTests.GenerateReason_ReturnsCorrectMessage(users: 0, expectedPart: &quot;catégorie&quot;)" computerName="DELL-DIDI" duration="00:00:00.0002720" startTime="2026-02-25T19:18:39.1480967+00:00" endTime="2026-02-25T19:18:39.1480968+00:00" testType="13cdc9d9-ddb5-4fa4-a97d-d965ccfc6d4b" outcome="Passed" testListId="8c84fa94-04c1-424b-9868-57a2d4851a1d" relativeResultsDirectory="aadca6ef-3f6c-47bd-8873-2ad3c8fa43d8" />
    <UnitTestResult executionId="0d43e342-5c1a-4f7d-9edb-1ab9453d59de" testId="23aabbfc-bb1f-46e0-05eb-f99816f3a846" testName="Recommendation.API.Tests.Unit.RecommendationServiceTests.GetSimilarProductsAsync_ScoreBasedOnRating" computerName="DELL-DIDI" duration="00:00:00.0054333" startTime="2026-02-25T19:18:39.2550232+00:00" endTime="2026-02-25T19:18:39.2550235+00:00" testType="13cdc9d9-ddb5-4fa4-a97d-d965ccfc6d4b" outcome="Passed" testListId="8c84fa94-04c1-424b-9868-57a2d4851a1d" relativeResultsDirectory="0d43e342-5c1a-4f7d-9edb-1ab9453d59de" />
    <UnitTestResult executionId="ed3a2467-c688-4fc0-9c35-ea5b824781bf" testId="e293b36b-f607-9a21-7608-5fc3365388fb" testName="Recommendation.API.Tests.Unit.RecommendationServiceTests.GetPersonalizedAsync_ColdStart_ReturnsTrendingProducts" computerName="DELL-DIDI" duration="00:00:00.0064325" startTime="2026-02-25T19:18:39.2494311+00:00" endTime="2026-02-25T19:18:39.2494318+00:00" testType="13cdc9d9-ddb5-4fa4-a97d-d965ccfc6d4b" outcome="Passed" testListId="8c84fa94-04c1-424b-9868-57a2d4851a1d" relativeResultsDirectory="ed3a2467-c688-4fc0-9c35-ea5b824781bf" />
    <UnitTestResult executionId="c0a56c38-dfc2-43a2-add0-d1ffdfdb525d" testId="83264ccf-7af3-95d7-e553-cf64347598ef" testName="Recommendation.API.Tests.Unit.RecommendationServiceTests.GetSimilarProductsAsync_ReturnsSimilarWithFixedConfidence" computerName="DELL-DIDI" duration="00:00:00.0086984" startTime="2026-02-25T19:18:39.2325915+00:00" endTime="2026-02-25T19:18:39.2325928+00:00" testType="13cdc9d9-ddb5-4fa4-a97d-d965ccfc6d4b" outcome="Passed" testListId="8c84fa94-04c1-424b-9868-57a2d4851a1d" relativeResultsDirectory="c0a56c38-dfc2-43a2-add0-d1ffdfdb525d" />
    <UnitTestResult executionId="8eb0fdf2-5366-46a5-9a20-e9913e420e2c" testId="f479ae4a-2614-3651-46a6-90ad857cbed6" testName="Recommendation.API.Tests.Unit.RecommendationServiceTests.RecordViewAsync_CallsEnsureUserThenRecordView" computerName="DELL-DIDI" duration="00:00:00.0020159" startTime="2026-02-25T19:18:39.2727565+00:00" endTime="2026-02-25T19:18:39.2727569+00:00" testType="13cdc9d9-ddb5-4fa4-a97d-d965ccfc6d4b" outcome="Passed" testListId="8c84fa94-04c1-424b-9868-57a2d4851a1d" relativeResultsDirectory="8eb0fdf2-5366-46a5-9a20-e9913e420e2c" />
    <UnitTestResult executionId="55044e09-1a27-4401-98f8-ad9390e8659c" testId="c536b53a-1aa1-95bb-da78-8113196b193e" testName="Recommendation.API.Tests.Unit.ScoreCalculatorTests.CalculateScore_ReturnsBetween0And1" computerName="DELL-DIDI" duration="00:00:00.0098227" startTime="2026-02-25T19:18:39.2019283+00:00" endTime="2026-02-25T19:18:39.2019286+00:00" testType="13cdc9d9-ddb5-4fa4-a97d-d965ccfc6d4b" outcome="Passed" testListId="8c84fa94-04c1-424b-9868-57a2d4851a1d" relativeResultsDirectory="55044e09-1a27-4401-98f8-ad9390e8659c" />
    <UnitTestResult executionId="ce5cd01a-513b-489d-8f9e-d3416be8beb7" testId="366074bc-1e6b-9053-f4f1-78cb08e333e2" testName="Recommendation.API.Tests.Unit.ContentBasedFilteringAlgorithmTests.GetSimilarProductIds_RespectsCustomLimit" computerName="DELL-DIDI" duration="00:00:00.1108401" startTime="2026-02-25T19:18:39.2156657+00:00" endTime="2026-02-25T19:18:39.2156661+00:00" testType="13cdc9d9-ddb5-4fa4-a97d-d965ccfc6d4b" outcome="Passed" testListId="8c84fa94-04c1-424b-9868-57a2d4851a1d" relativeResultsDirectory="ce5cd01a-513b-489d-8f9e-d3416be8beb7" />
    <UnitTestResult executionId="d647be94-2789-4341-98bd-8c4df0f2c884" testId="ef82be41-1af1-40ea-0ae9-e293e5293581" testName="Recommendation.API.Tests.Unit.RecommendationServiceTests.RecordPurchaseAsync_EnsuresUserAndProductsExist" computerName="DELL-DIDI" duration="00:00:00.0114369" startTime="2026-02-25T19:18:39.2686260+00:00" endTime="2026-02-25T19:18:39.2686266+00:00" testType="13cdc9d9-ddb5-4fa4-a97d-d965ccfc6d4b" outcome="Passed" testListId="8c84fa94-04c1-424b-9868-57a2d4851a1d" relativeResultsDirectory="d647be94-2789-4341-98bd-8c4df0f2c884" />
  </Results>
  <TestDefinitions>
    <UnitTest name="Recommendation.API.Tests.Unit.CollaborativeFilteringAlgorithmTests.GetRecommendedProductIds_NoSimilarUsers_CallsTrending7Days" storage="d:\marketplace-clean\tests\recommendation.api.tests\bin\release\net8.0\recommendation.api.tests.dll" id="e9fcb80c-1047-6dfb-c149-cb50a7384c70">
      <Execution id="279f92c9-a0ec-4b0e-8193-9b5cad31acef" />
      <TestMethod codeBase="D:\marketplace-clean\Tests\Recommendation.API.Tests\bin\Release\net8.0\Recommendation.API.Tests.dll" adapterTypeName="executor://xunit/VsTestRunner2/netcoreapp" className="Recommendation.API.Tests.Unit.CollaborativeFilteringAlgorithmTests" name="GetRecommendedProductIds_NoSimilarUsers_CallsTrending7Days" />
    </UnitTest>
    <UnitTest name="Recommendation.API.Tests.Unit.RecommendationServiceTests.RecordViewAsync_CallsEnsureUserThenRecordView" storage="d:\marketplace-clean\tests\recommendation.api.tests\bin\release\net8.0\recommendation.api.tests.dll" id="f479ae4a-2614-3651-46a6-90ad857cbed6">
      <Execution id="8eb0fdf2-5366-46a5-9a20-e9913e420e2c" />
      <TestMethod codeBase="D:\marketplace-clean\Tests\Recommendation.API.Tests\bin\Release\net8.0\Recommendation.API.Tests.dll" adapterTypeName="executor://xunit/VsTestRunner2/netcoreapp" className="Recommendation.API.Tests.Unit.RecommendationServiceTests" name="RecordViewAsync_CallsEnsureUserThenRecordView" />
    </UnitTest>
    <UnitTest name="Recommendation.API.Tests.Unit.RecommendationServiceTests.GetUserHistoryAsync_ReturnsProductIds" storage="d:\marketplace-clean\tests\recommendation.api.tests\bin\release\net8.0\recommendation.api.tests.dll" id="cee4d745-2224-2c39-7635-a56c05cf04bf">
      <Execution id="0502c00c-8e20-410b-9064-dc82281b8ffe" />
      <TestMethod codeBase="D:\marketplace-clean\Tests\Recommendation.API.Tests\bin\Release\net8.0\Recommendation.API.Tests.dll" adapterTypeName="executor://xunit/VsTestRunner2/netcoreapp" className="Recommendation.API.Tests.Unit.RecommendationServiceTests" name="GetUserHistoryAsync_ReturnsProductIds" />
    </UnitTest>
    <UnitTest name="Recommendation.API.Tests.Unit.RecommendationServiceTests.GetPersonalizedAsync_ColdStart_ReturnsEmpty_WhenNoTrending" storage="d:\marketplace-clean\tests\recommendation.api.tests\bin\release\net8.0\recommendation.api.tests.dll" id="ce39b2fb-6fa5-0509-67db-66c2f1c8ee4e">
      <Execution id="e9eed94d-3f09-43fd-9011-a574f854e41a" />
      <TestMethod codeBase="D:\marketplace-clean\Tests\Recommendation.API.Tests\bin\Release\net8.0\Recommendation.API.Tests.dll" adapterTypeName="executor://xunit/VsTestRunner2/netcoreapp" className="Recommendation.API.Tests.Unit.RecommendationServiceTests" name="GetPersonalizedAsync_ColdStart_ReturnsEmpty_WhenNoTrending" />
    </UnitTest>
    <UnitTest name="Recommendation.API.Tests.Unit.ContentBasedFilteringAlgorithmTests.GetSimilarProductIds_RespectsCustomLimit" storage="d:\marketplace-clean\tests\recommendation.api.tests\bin\release\net8.0\recommendation.api.tests.dll" id="366074bc-1e6b-9053-f4f1-78cb08e333e2">
      <Execution id="ce5cd01a-513b-489d-8f9e-d3416be8beb7" />
      <TestMethod codeBase="D:\marketplace-clean\Tests\Recommendation.API.Tests\bin\Release\net8.0\Recommendation.API.Tests.dll" adapterTypeName="executor://xunit/VsTestRunner2/netcoreapp" className="Recommendation.API.Tests.Unit.ContentBasedFilteringAlgorithmTests" name="GetSimilarProductIds_RespectsCustomLimit" />
    </UnitTest>
    <UnitTest name="Recommendation.API.Tests.Unit.RecommendationServiceTests.GetPersonalizedAsync_RespectsLimit" storage="d:\marketplace-clean\tests\recommendation.api.tests\bin\release\net8.0\recommendation.api.tests.dll" id="f7a884cc-550b-b160-c191-d467a2c49204">
      <Execution id="9f7a0b58-6742-41a3-bfbc-5132c31b4f95" />
      <TestMethod codeBase="D:\marketplace-clean\Tests\Recommendation.API.Tests\bin\Release\net8.0\Recommendation.API.Tests.dll" adapterTypeName="executor://xunit/VsTestRunner2/netcoreapp" className="Recommendation.API.Tests.Unit.RecommendationServiceTests" name="GetPersonalizedAsync_RespectsLimit" />
    </UnitTest>
    <UnitTest name="Recommendation.API.Tests.Unit.ScoreCalculatorTests.GenerateReason_ReturnsCorrectMessage(users: 15, expectedPart: &quot;15 utilisateurs&quot;)" storage="d:\marketplace-clean\tests\recommendation.api.tests\bin\release\net8.0\recommendation.api.tests.dll" id="cbe9b79c-4d97-b0c2-0a38-caeb149ff23b">
      <Execution id="291186b7-55db-4015-9081-bed7ec74c28a" />
      <TestMethod codeBase="D:\marketplace-clean\Tests\Recommendation.API.Tests\bin\Release\net8.0\Recommendation.API.Tests.dll" adapterTypeName="executor://xunit/VsTestRunner2/netcoreapp" className="Recommendation.API.Tests.Unit.ScoreCalculatorTests" name="GenerateReason_ReturnsCorrectMessage" />
    </UnitTest>
    <UnitTest name="Recommendation.API.Tests.Unit.RecommendationServiceTests.GetUserHistoryAsync_ReturnsEmpty_WhenNoHistory" storage="d:\marketplace-clean\tests\recommendation.api.tests\bin\release\net8.0\recommendation.api.tests.dll" id="15258a24-9a4a-b626-b4e5-83518883735a">
      <Execution id="1f284c56-d873-4e00-b5b9-1acd075a1254" />
      <TestMethod codeBase="D:\marketplace-clean\Tests\Recommendation.API.Tests\bin\Release\net8.0\Recommendation.API.Tests.dll" adapterTypeName="executor://xunit/VsTestRunner2/netcoreapp" className="Recommendation.API.Tests.Unit.RecommendationServiceTests" name="GetUserHistoryAsync_ReturnsEmpty_WhenNoHistory" />
    </UnitTest>
    <UnitTest name="Recommendation.API.Tests.Unit.RecommendationServiceTests.GetTrendingAsync_ReturnsProductsWithTrendingReason" storage="d:\marketplace-clean\tests\recommendation.api.tests\bin\release\net8.0\recommendation.api.tests.dll" id="7546e4df-e5b6-711e-2a85-029ef04a0716">
      <Execution id="7382bbe6-5a34-4357-be21-f9c137a0faaa" />
      <TestMethod codeBase="D:\marketplace-clean\Tests\Recommendation.API.Tests\bin\Release\net8.0\Recommendation.API.Tests.dll" adapterTypeName="executor://xunit/VsTestRunner2/netcoreapp" className="Recommendation.API.Tests.Unit.RecommendationServiceTests" name="GetTrendingAsync_ReturnsProductsWithTrendingReason" />
    </UnitTest>
    <UnitTest name="Recommendation.API.Tests.Unit.ContentBasedFilteringAlgorithmTests.GetSimilarProductIds_DelegatesToRepository" storage="d:\marketplace-clean\tests\recommendation.api.tests\bin\release\net8.0\recommendation.api.tests.dll" id="c90f22cc-4a57-e96e-4cc1-aded9e6ff70e">
      <Execution id="4afd3344-e50a-49f9-b292-7657e99c2db8" />
      <TestMethod codeBase="D:\marketplace-clean\Tests\Recommendation.API.Tests\bin\Release\net8.0\Recommendation.API.Tests.dll" adapterTypeName="executor://xunit/VsTestRunner2/netcoreapp" className="Recommendation.API.Tests.Unit.ContentBasedFilteringAlgorithmTests" name="GetSimilarProductIds_DelegatesToRepository" />
    </UnitTest>
    <UnitTest name="Recommendation.API.Tests.Unit.ScoreCalculatorTests.CalculateConfidence_IsProportionalToSimilarUsers(users: 20, expected: 1)" storage="d:\marketplace-clean\tests\recommendation.api.tests\bin\release\net8.0\recommendation.api.tests.dll" id="4ad2f402-1462-bff4-c415-4914c9c09576">
      <Execution id="4ac50a25-e272-45cc-a132-4442b8583052" />
      <TestMethod codeBase="D:\marketplace-clean\Tests\Recommendation.API.Tests\bin\Release\net8.0\Recommendation.API.Tests.dll" adapterTypeName="executor://xunit/VsTestRunner2/netcoreapp" className="Recommendation.API.Tests.Unit.ScoreCalculatorTests" name="CalculateConfidence_IsProportionalToSimilarUsers" />
    </UnitTest>
    <UnitTest name="Recommendation.API.Tests.Unit.RecommendationServiceTests.GetPersonalizedAsync_WithHistoryButNoSimilarUsers_ReturnsTrending7Days" storage="d:\marketplace-clean\tests\recommendation.api.tests\bin\release\net8.0\recommendation.api.tests.dll" id="5eaef1de-6f2a-5f56-c4dc-9dc7c47b860c">
      <Execution id="9d8355c7-19c9-4fcf-9a2b-9716b0249644" />
      <TestMethod codeBase="D:\marketplace-clean\Tests\Recommendation.API.Tests\bin\Release\net8.0\Recommendation.API.Tests.dll" adapterTypeName="executor://xunit/VsTestRunner2/netcoreapp" className="Recommendation.API.Tests.Unit.RecommendationServiceTests" name="GetPersonalizedAsync_WithHistoryButNoSimilarUsers_ReturnsTrending7Days" />
    </UnitTest>
    <UnitTest name="Recommendation.API.Tests.Unit.ScoreCalculatorTests.CalculateScore_HighPurchaseCount_HasHigherScore" storage="d:\marketplace-clean\tests\recommendation.api.tests\bin\release\net8.0\recommendation.api.tests.dll" id="0fe6314c-55a5-b6c2-d315-94df8660381c">
      <Execution id="e7ed0d10-8904-422b-8d0d-83401379e820" />
      <TestMethod codeBase="D:\marketplace-clean\Tests\Recommendation.API.Tests\bin\Release\net8.0\Recommendation.API.Tests.dll" adapterTypeName="executor://xunit/VsTestRunner2/netcoreapp" className="Recommendation.API.Tests.Unit.ScoreCalculatorTests" name="CalculateScore_HighPurchaseCount_HasHigherScore" />
    </UnitTest>
    <UnitTest name="Recommendation.API.Tests.Unit.CollaborativeFilteringAlgorithmTests.GetRecommendedProductIds_WithSimilarUsers_AppliesLimit" storage="d:\marketplace-clean\tests\recommendation.api.tests\bin\release\net8.0\recommendation.api.tests.dll" id="ee220c8e-a21c-1ed7-4208-913af6151305">
      <Execution id="8a91f886-39e4-42a1-ad37-19b6d5798f8e" />
      <TestMethod codeBase="D:\marketplace-clean\Tests\Recommendation.API.Tests\bin\Release\net8.0\Recommendation.API.Tests.dll" adapterTypeName="executor://xunit/VsTestRunner2/netcoreapp" className="Recommendation.API.Tests.Unit.CollaborativeFilteringAlgorithmTests" name="GetRecommendedProductIds_WithSimilarUsers_AppliesLimit" />
    </UnitTest>
    <UnitTest name="Recommendation.API.Tests.Unit.RecommendationServiceTests.GetPersonalizedAsync_WithHistory_UsesCollaborativeFiltering" storage="d:\marketplace-clean\tests\recommendation.api.tests\bin\release\net8.0\recommendation.api.tests.dll" id="85ef28e7-3148-960f-3c2a-d4c2ff5c7300">
      <Execution id="55bf4351-3d54-44bd-91a5-3ce9a7b141ad" />
      <TestMethod codeBase="D:\marketplace-clean\Tests\Recommendation.API.Tests\bin\Release\net8.0\Recommendation.API.Tests.dll" adapterTypeName="executor://xunit/VsTestRunner2/netcoreapp" className="Recommendation.API.Tests.Unit.RecommendationServiceTests" name="GetPersonalizedAsync_WithHistory_UsesCollaborativeFiltering" />
    </UnitTest>
    <UnitTest name="Recommendation.API.Tests.Unit.RecommendationServiceTests.GetSimilarProductsAsync_ReturnsSimilarWithFixedConfidence" storage="d:\marketplace-clean\tests\recommendation.api.tests\bin\release\net8.0\recommendation.api.tests.dll" id="83264ccf-7af3-95d7-e553-cf64347598ef">
      <Execution id="c0a56c38-dfc2-43a2-add0-d1ffdfdb525d" />
      <TestMethod codeBase="D:\marketplace-clean\Tests\Recommendation.API.Tests\bin\Release\net8.0\Recommendation.API.Tests.dll" adapterTypeName="executor://xunit/VsTestRunner2/netcoreapp" className="Recommendation.API.Tests.Unit.RecommendationServiceTests" name="GetSimilarProductsAsync_ReturnsSimilarWithFixedConfidence" />
    </UnitTest>
    <UnitTest name="Recommendation.API.Tests.Unit.CollaborativeFilteringAlgorithmTests.GetRecommendedProductIds_ColdStart_CallsTrending30Days" storage="d:\marketplace-clean\tests\recommendation.api.tests\bin\release\net8.0\recommendation.api.tests.dll" id="edb88cdd-be02-0580-f01b-041378b26136">
      <Execution id="7e64378f-4fdf-4e48-b4ae-e9db3553b6cd" />
      <TestMethod codeBase="D:\marketplace-clean\Tests\Recommendation.API.Tests\bin\Release\net8.0\Recommendation.API.Tests.dll" adapterTypeName="executor://xunit/VsTestRunner2/netcoreapp" className="Recommendation.API.Tests.Unit.CollaborativeFilteringAlgorithmTests" name="GetRecommendedProductIds_ColdStart_CallsTrending30Days" />
    </UnitTest>
    <UnitTest name="Recommendation.API.Tests.Unit.ScoreCalculatorTests.CalculateScore_RecentProduct_HasHigherScore" storage="d:\marketplace-clean\tests\recommendation.api.tests\bin\release\net8.0\recommendation.api.tests.dll" id="187d932d-15b5-bcb0-170f-634eb4b56270">
      <Execution id="9330df5a-133c-456b-9adb-43f1749dc523" />
      <TestMethod codeBase="D:\marketplace-clean\Tests\Recommendation.API.Tests\bin\Release\net8.0\Recommendation.API.Tests.dll" adapterTypeName="executor://xunit/VsTestRunner2/netcoreapp" className="Recommendation.API.Tests.Unit.ScoreCalculatorTests" name="CalculateScore_RecentProduct_HasHigherScore" />
    </UnitTest>
    <UnitTest name="Recommendation.API.Tests.Unit.RecommendationServiceTests.GetTrendingAsync_ScoreDecreasesWithPosition" storage="d:\marketplace-clean\tests\recommendation.api.tests\bin\release\net8.0\recommendation.api.tests.dll" id="181219d1-3cbb-9798-14ef-52423b98b9cc">
      <Execution id="ac6f8f44-f135-4ed3-81d9-87a9f97ab53d" />
      <TestMethod codeBase="D:\marketplace-clean\Tests\Recommendation.API.Tests\bin\Release\net8.0\Recommendation.API.Tests.dll" adapterTypeName="executor://xunit/VsTestRunner2/netcoreapp" className="Recommendation.API.Tests.Unit.RecommendationServiceTests" name="GetTrendingAsync_ScoreDecreasesWithPosition" />
    </UnitTest>
    <UnitTest name="Recommendation.API.Tests.Unit.ContentBasedFilteringAlgorithmTests.GetSimilarProductIds_ReturnsEmpty_WhenNoSimilar" storage="d:\marketplace-clean\tests\recommendation.api.tests\bin\release\net8.0\recommendation.api.tests.dll" id="995b2017-4866-a945-7e3a-74fa3eafc55a">
      <Execution id="4ae0be3d-d2dd-4c30-9467-e31a587bad97" />
      <TestMethod codeBase="D:\marketplace-clean\Tests\Recommendation.API.Tests\bin\Release\net8.0\Recommendation.API.Tests.dll" adapterTypeName="executor://xunit/VsTestRunner2/netcoreapp" className="Recommendation.API.Tests.Unit.ContentBasedFilteringAlgorithmTests" name="GetSimilarProductIds_ReturnsEmpty_WhenNoSimilar" />
    </UnitTest>
    <UnitTest name="Recommendation.API.Tests.Unit.ScoreCalculatorTests.CalculateConfidence_IsProportionalToSimilarUsers(users: 10, expected: 0.5)" storage="d:\marketplace-clean\tests\recommendation.api.tests\bin\release\net8.0\recommendation.api.tests.dll" id="b9ddb429-9016-3be6-880c-97e689679d67">
      <Execution id="123353e6-2375-4002-ab75-92a0255c14a8" />
      <TestMethod codeBase="D:\marketplace-clean\Tests\Recommendation.API.Tests\bin\Release\net8.0\Recommendation.API.Tests.dll" adapterTypeName="executor://xunit/VsTestRunner2/netcoreapp" className="Recommendation.API.Tests.Unit.ScoreCalculatorTests" name="CalculateConfidence_IsProportionalToSimilarUsers" />
    </UnitTest>
    <UnitTest name="Recommendation.API.Tests.Unit.ScoreCalculatorTests.CalculateConfidence_IsProportionalToSimilarUsers(users: 0, expected: 0)" storage="d:\marketplace-clean\tests\recommendation.api.tests\bin\release\net8.0\recommendation.api.tests.dll" id="4a7b7ca8-4811-aed6-6383-18cbf8011d91">
      <Execution id="1479c0e1-15ca-4be2-b168-b8da7b9f07ae" />
      <TestMethod codeBase="D:\marketplace-clean\Tests\Recommendation.API.Tests\bin\Release\net8.0\Recommendation.API.Tests.dll" adapterTypeName="executor://xunit/VsTestRunner2/netcoreapp" className="Recommendation.API.Tests.Unit.ScoreCalculatorTests" name="CalculateConfidence_IsProportionalToSimilarUsers" />
    </UnitTest>
    <UnitTest name="Recommendation.API.Tests.Unit.RecommendationServiceTests.GetSimilarProductsAsync_ScoreBasedOnRating" storage="d:\marketplace-clean\tests\recommendation.api.tests\bin\release\net8.0\recommendation.api.tests.dll" id="23aabbfc-bb1f-46e0-05eb-f99816f3a846">
      <Execution id="0d43e342-5c1a-4f7d-9edb-1ab9453d59de" />
      <TestMethod codeBase="D:\marketplace-clean\Tests\Recommendation.API.Tests\bin\Release\net8.0\Recommendation.API.Tests.dll" adapterTypeName="executor://xunit/VsTestRunner2/netcoreapp" className="Recommendation.API.Tests.Unit.RecommendationServiceTests" name="GetSimilarProductsAsync_ScoreBasedOnRating" />
    </UnitTest>
    <UnitTest name="Recommendation.API.Tests.Unit.RecommendationServiceTests.RecordPurchaseAsync_EnsuresUserAndProductsExist" storage="d:\marketplace-clean\tests\recommendation.api.tests\bin\release\net8.0\recommendation.api.tests.dll" id="ef82be41-1af1-40ea-0ae9-e293e5293581">
      <Execution id="d647be94-2789-4341-98bd-8c4df0f2c884" />
      <TestMethod codeBase="D:\marketplace-clean\Tests\Recommendation.API.Tests\bin\Release\net8.0\Recommendation.API.Tests.dll" adapterTypeName="executor://xunit/VsTestRunner2/netcoreapp" className="Recommendation.API.Tests.Unit.RecommendationServiceTests" name="RecordPurchaseAsync_EnsuresUserAndProductsExist" />
    </UnitTest>
    <UnitTest name="Recommendation.API.Tests.Unit.RecommendationServiceTests.GetTrendingAsync_ReturnsEmpty_WhenNoProducts" storage="d:\marketplace-clean\tests\recommendation.api.tests\bin\release\net8.0\recommendation.api.tests.dll" id="3c9cd606-18be-b843-fe65-26d3c2c86a93">
      <Execution id="f9211712-aff3-41c1-859f-4e7993c6495a" />
      <TestMethod codeBase="D:\marketplace-clean\Tests\Recommendation.API.Tests\bin\Release\net8.0\Recommendation.API.Tests.dll" adapterTypeName="executor://xunit/VsTestRunner2/netcoreapp" className="Recommendation.API.Tests.Unit.RecommendationServiceTests" name="GetTrendingAsync_ReturnsEmpty_WhenNoProducts" />
    </UnitTest>
    <UnitTest name="Recommendation.API.Tests.Unit.ScoreCalculatorTests.GenerateReason_ReturnsCorrectMessage(users: 6, expectedPart: &quot;similaires&quot;)" storage="d:\marketplace-clean\tests\recommendation.api.tests\bin\release\net8.0\recommendation.api.tests.dll" id="9bc73937-14bc-bd8a-fa8b-7967e8689e3a">
      <Execution id="cc41df62-7749-4b4b-bd67-110753acf8da" />
      <TestMethod codeBase="D:\marketplace-clean\Tests\Recommendation.API.Tests\bin\Release\net8.0\Recommendation.API.Tests.dll" adapterTypeName="executor://xunit/VsTestRunner2/netcoreapp" className="Recommendation.API.Tests.Unit.ScoreCalculatorTests" name="GenerateReason_ReturnsCorrectMessage" />
    </UnitTest>
    <UnitTest name="Recommendation.API.Tests.Unit.ScoreCalculatorTests.CalculateScore_ReturnsBetween0And1" storage="d:\marketplace-clean\tests\recommendation.api.tests\bin\release\net8.0\recommendation.api.tests.dll" id="c536b53a-1aa1-95bb-da78-8113196b193e">
      <Execution id="55044e09-1a27-4401-98f8-ad9390e8659c" />
      <TestMethod codeBase="D:\marketplace-clean\Tests\Recommendation.API.Tests\bin\Release\net8.0\Recommendation.API.Tests.dll" adapterTypeName="executor://xunit/VsTestRunner2/netcoreapp" className="Recommendation.API.Tests.Unit.ScoreCalculatorTests" name="CalculateScore_ReturnsBetween0And1" />
    </UnitTest>
    <UnitTest name="Recommendation.API.Tests.Unit.ScoreCalculatorTests.GenerateReason_ReturnsCorrectMessage(users: 0, expectedPart: &quot;catégorie&quot;)" storage="d:\marketplace-clean\tests\recommendation.api.tests\bin\release\net8.0\recommendation.api.tests.dll" id="497f877e-33b9-8264-fc50-6ec3b444e7e4">
      <Execution id="aadca6ef-3f6c-47bd-8873-2ad3c8fa43d8" />
      <TestMethod codeBase="D:\marketplace-clean\Tests\Recommendation.API.Tests\bin\Release\net8.0\Recommendation.API.Tests.dll" adapterTypeName="executor://xunit/VsTestRunner2/netcoreapp" className="Recommendation.API.Tests.Unit.ScoreCalculatorTests" name="GenerateReason_ReturnsCorrectMessage" />
    </UnitTest>
    <UnitTest name="Recommendation.API.Tests.Unit.ScoreCalculatorTests.CalculateConfidence_IsProportionalToSimilarUsers(users: 50, expected: 1)" storage="d:\marketplace-clean\tests\recommendation.api.tests\bin\release\net8.0\recommendation.api.tests.dll" id="5dec0a9b-3ca7-d71a-5c21-7a97a58e5119">
      <Execution id="9fd607a0-edcc-4c86-876e-b3c269976ff0" />
      <TestMethod codeBase="D:\marketplace-clean\Tests\Recommendation.API.Tests\bin\Release\net8.0\Recommendation.API.Tests.dll" adapterTypeName="executor://xunit/VsTestRunner2/netcoreapp" className="Recommendation.API.Tests.Unit.ScoreCalculatorTests" name="CalculateConfidence_IsProportionalToSimilarUsers" />
    </UnitTest>
    <UnitTest name="Recommendation.API.Tests.Unit.CollaborativeFilteringAlgorithmTests.GetRecommendedProductIds_PassesCorrectSimilarUsersList" storage="d:\marketplace-clean\tests\recommendation.api.tests\bin\release\net8.0\recommendation.api.tests.dll" id="b41aaed4-dac4-cb1e-160c-efa24840a2fa">
      <Execution id="95406aa7-8f4a-4dc2-bdd0-3d463d0833be" />
      <TestMethod codeBase="D:\marketplace-clean\Tests\Recommendation.API.Tests\bin\Release\net8.0\Recommendation.API.Tests.dll" adapterTypeName="executor://xunit/VsTestRunner2/netcoreapp" className="Recommendation.API.Tests.Unit.CollaborativeFilteringAlgorithmTests" name="GetRecommendedProductIds_PassesCorrectSimilarUsersList" />
    </UnitTest>
    <UnitTest name="Recommendation.API.Tests.Unit.ScoreCalculatorTests.CalculateScore_HighRating_HasHigherScore" storage="d:\marketplace-clean\tests\recommendation.api.tests\bin\release\net8.0\recommendation.api.tests.dll" id="e03ad6b8-1484-03fe-41dc-a5699fe3d9c5">
      <Execution id="244f5fe4-fec3-4a87-ac51-a9b052556b89" />
      <TestMethod codeBase="D:\marketplace-clean\Tests\Recommendation.API.Tests\bin\Release\net8.0\Recommendation.API.Tests.dll" adapterTypeName="executor://xunit/VsTestRunner2/netcoreapp" className="Recommendation.API.Tests.Unit.ScoreCalculatorTests" name="CalculateScore_HighRating_HasHigherScore" />
    </UnitTest>
    <UnitTest name="Recommendation.API.Tests.Unit.RecommendationServiceTests.GetPersonalizedAsync_ColdStart_ReturnsTrendingProducts" storage="d:\marketplace-clean\tests\recommendation.api.tests\bin\release\net8.0\recommendation.api.tests.dll" id="e293b36b-f607-9a21-7608-5fc3365388fb">
      <Execution id="ed3a2467-c688-4fc0-9c35-ea5b824781bf" />
      <TestMethod codeBase="D:\marketplace-clean\Tests\Recommendation.API.Tests\bin\Release\net8.0\Recommendation.API.Tests.dll" adapterTypeName="executor://xunit/VsTestRunner2/netcoreapp" className="Recommendation.API.Tests.Unit.RecommendationServiceTests" name="GetPersonalizedAsync_ColdStart_ReturnsTrendingProducts" />
    </UnitTest>
  </TestDefinitions>
  <TestEntries>
    <TestEntry testId="3c9cd606-18be-b843-fe65-26d3c2c86a93" executionId="f9211712-aff3-41c1-859f-4e7993c6495a" testListId="8c84fa94-04c1-424b-9868-57a2d4851a1d" />
    <TestEntry testId="5eaef1de-6f2a-5f56-c4dc-9dc7c47b860c" executionId="9d8355c7-19c9-4fcf-9a2b-9716b0249644" testListId="8c84fa94-04c1-424b-9868-57a2d4851a1d" />
    <TestEntry testId="5dec0a9b-3ca7-d71a-5c21-7a97a58e5119" executionId="9fd607a0-edcc-4c86-876e-b3c269976ff0" testListId="8c84fa94-04c1-424b-9868-57a2d4851a1d" />
    <TestEntry testId="7546e4df-e5b6-711e-2a85-029ef04a0716" executionId="7382bbe6-5a34-4357-be21-f9c137a0faaa" testListId="8c84fa94-04c1-424b-9868-57a2d4851a1d" />
    <TestEntry testId="ee220c8e-a21c-1ed7-4208-913af6151305" executionId="8a91f886-39e4-42a1-ad37-19b6d5798f8e" testListId="8c84fa94-04c1-424b-9868-57a2d4851a1d" />
    <TestEntry testId="f7a884cc-550b-b160-c191-d467a2c49204" executionId="9f7a0b58-6742-41a3-bfbc-5132c31b4f95" testListId="8c84fa94-04c1-424b-9868-57a2d4851a1d" />
    <TestEntry testId="edb88cdd-be02-0580-f01b-041378b26136" executionId="7e64378f-4fdf-4e48-b4ae-e9db3553b6cd" testListId="8c84fa94-04c1-424b-9868-57a2d4851a1d" />
    <TestEntry testId="187d932d-15b5-bcb0-170f-634eb4b56270" executionId="9330df5a-133c-456b-9adb-43f1749dc523" testListId="8c84fa94-04c1-424b-9868-57a2d4851a1d" />
    <TestEntry testId="c90f22cc-4a57-e96e-4cc1-aded9e6ff70e" executionId="4afd3344-e50a-49f9-b292-7657e99c2db8" testListId="8c84fa94-04c1-424b-9868-57a2d4851a1d" />
    <TestEntry testId="e9fcb80c-1047-6dfb-c149-cb50a7384c70" executionId="279f92c9-a0ec-4b0e-8193-9b5cad31acef" testListId="8c84fa94-04c1-424b-9868-57a2d4851a1d" />
    <TestEntry testId="181219d1-3cbb-9798-14ef-52423b98b9cc" executionId="ac6f8f44-f135-4ed3-81d9-87a9f97ab53d" testListId="8c84fa94-04c1-424b-9868-57a2d4851a1d" />
    <TestEntry testId="4a7b7ca8-4811-aed6-6383-18cbf8011d91" executionId="1479c0e1-15ca-4be2-b168-b8da7b9f07ae" testListId="8c84fa94-04c1-424b-9868-57a2d4851a1d" />
    <TestEntry testId="b9ddb429-9016-3be6-880c-97e689679d67" executionId="123353e6-2375-4002-ab75-92a0255c14a8" testListId="8c84fa94-04c1-424b-9868-57a2d4851a1d" />
    <TestEntry testId="85ef28e7-3148-960f-3c2a-d4c2ff5c7300" executionId="55bf4351-3d54-44bd-91a5-3ce9a7b141ad" testListId="8c84fa94-04c1-424b-9868-57a2d4851a1d" />
    <TestEntry testId="15258a24-9a4a-b626-b4e5-83518883735a" executionId="1f284c56-d873-4e00-b5b9-1acd075a1254" testListId="8c84fa94-04c1-424b-9868-57a2d4851a1d" />
    <TestEntry testId="ce39b2fb-6fa5-0509-67db-66c2f1c8ee4e" executionId="e9eed94d-3f09-43fd-9011-a574f854e41a" testListId="8c84fa94-04c1-424b-9868-57a2d4851a1d" />
    <TestEntry testId="0fe6314c-55a5-b6c2-d315-94df8660381c" executionId="e7ed0d10-8904-422b-8d0d-83401379e820" testListId="8c84fa94-04c1-424b-9868-57a2d4851a1d" />
    <TestEntry testId="cee4d745-2224-2c39-7635-a56c05cf04bf" executionId="0502c00c-8e20-410b-9064-dc82281b8ffe" testListId="8c84fa94-04c1-424b-9868-57a2d4851a1d" />
    <TestEntry testId="cbe9b79c-4d97-b0c2-0a38-caeb149ff23b" executionId="291186b7-55db-4015-9081-bed7ec74c28a" testListId="8c84fa94-04c1-424b-9868-57a2d4851a1d" />
    <TestEntry testId="e03ad6b8-1484-03fe-41dc-a5699fe3d9c5" executionId="244f5fe4-fec3-4a87-ac51-a9b052556b89" testListId="8c84fa94-04c1-424b-9868-57a2d4851a1d" />
    <TestEntry testId="4ad2f402-1462-bff4-c415-4914c9c09576" executionId="4ac50a25-e272-45cc-a132-4442b8583052" testListId="8c84fa94-04c1-424b-9868-57a2d4851a1d" />
    <TestEntry testId="b41aaed4-dac4-cb1e-160c-efa24840a2fa" executionId="95406aa7-8f4a-4dc2-bdd0-3d463d0833be" testListId="8c84fa94-04c1-424b-9868-57a2d4851a1d" />
    <TestEntry testId="995b2017-4866-a945-7e3a-74fa3eafc55a" executionId="4ae0be3d-d2dd-4c30-9467-e31a587bad97" testListId="8c84fa94-04c1-424b-9868-57a2d4851a1d" />
    <TestEntry testId="9bc73937-14bc-bd8a-fa8b-7967e8689e3a" executionId="cc41df62-7749-4b4b-bd67-110753acf8da" testListId="8c84fa94-04c1-424b-9868-57a2d4851a1d" />
    <TestEntry testId="497f877e-33b9-8264-fc50-6ec3b444e7e4" executionId="aadca6ef-3f6c-47bd-8873-2ad3c8fa43d8" testListId="8c84fa94-04c1-424b-9868-57a2d4851a1d" />
    <TestEntry testId="23aabbfc-bb1f-46e0-05eb-f99816f3a846" executionId="0d43e342-5c1a-4f7d-9edb-1ab9453d59de" testListId="8c84fa94-04c1-424b-9868-57a2d4851a1d" />
    <TestEntry testId="e293b36b-f607-9a21-7608-5fc3365388fb" executionId="ed3a2467-c688-4fc0-9c35-ea5b824781bf" testListId="8c84fa94-04c1-424b-9868-57a2d4851a1d" />
    <TestEntry testId="83264ccf-7af3-95d7-e553-cf64347598ef" executionId="c0a56c38-dfc2-43a2-add0-d1ffdfdb525d" testListId="8c84fa94-04c1-424b-9868-57a2d4851a1d" />
    <TestEntry testId="f479ae4a-2614-3651-46a6-90ad857cbed6" executionId="8eb0fdf2-5366-46a5-9a20-e9913e420e2c" testListId="8c84fa94-04c1-424b-9868-57a2d4851a1d" />
    <TestEntry testId="c536b53a-1aa1-95bb-da78-8113196b193e" executionId="55044e09-1a27-4401-98f8-ad9390e8659c" testListId="8c84fa94-04c1-424b-9868-57a2d4851a1d" />
    <TestEntry testId="366074bc-1e6b-9053-f4f1-78cb08e333e2" executionId="ce5cd01a-513b-489d-8f9e-d3416be8beb7" testListId="8c84fa94-04c1-424b-9868-57a2d4851a1d" />
    <TestEntry testId="ef82be41-1af1-40ea-0ae9-e293e5293581" executionId="d647be94-2789-4341-98bd-8c4df0f2c884" testListId="8c84fa94-04c1-424b-9868-57a2d4851a1d" />
  </TestEntries>
  <TestLists>
    <TestList name="Results Not in a List" id="8c84fa94-04c1-424b-9868-57a2d4851a1d" />
    <TestList name="All Loaded Results" id="19431567-8539-422a-85d7-44ee4e166bda" />
  </TestLists>
  <ResultSummary outcome="Completed">
    <Counters total="32" executed="32" passed="32" failed="0" error="0" timeout="0" aborted="0" inconclusive="0" passedButRunAborted="0" notRunnable="0" notExecuted="0" disconnected="0" warning="0" completed="0" inProgress="0" pending="0" />
    <Output>
      <StdOut>[xUnit.net 00:00:00.00] xUnit.net VSTest Adapter v2.5.4.1+b9eacec401 (64-bit .NET 8.0.23)&#xD;
[xUnit.net 00:00:00.36]   Discovering: Recommendation.API.Tests&#xD;
[xUnit.net 00:00:00.43]   Discovered:  Recommendation.API.Tests&#xD;
[xUnit.net 00:00:00.44]   Starting:    Recommendation.API.Tests&#xD;
[xUnit.net 00:00:00.67]   Finished:    Recommendation.API.Tests&#xD;
</StdOut>
    </Output>
    <RunInfos>
      <RunInfo computerName="DELL-DIDI" outcome="Warning" timestamp="2026-02-25T19:18:38.3926700+00:00">
        <Text>Data collection : Unable to find a datacollector with friendly name 'XPlat Code Coverage'.</Text>
      </RunInfo>
      <RunInfo computerName="DELL-DIDI" outcome="Warning" timestamp="2026-02-25T19:18:38.3931193+00:00">
        <Text>Data collection : Could not find data collector 'XPlat Code Coverage'</Text>
      </RunInfo>
    </RunInfos>
  </ResultSummary>
</TestRun>