<?xml version="1.0" encoding="utf-8"?>
<TestRun id="ad49603e-96d1-4ac1-9b45-9c368ae14bec" name="DELL-DIDI$@DELL-DIDI 2026-02-25 19:15:20" runUser="NT AUTHORITY\SYSTEM" xmlns="http://microsoft.com/schemas/VisualStudio/TeamTest/2010">
  <Times creation="2026-02-25T19:15:20.7141892+00:00" queuing="2026-02-25T19:15:20.7141896+00:00" start="2026-02-25T19:15:19.2699304+00:00" finish="2026-02-25T19:15:20.7986593+00:00" />
  <TestSettings name="default" id="b3804e9a-9c98-4685-a608-1e623170a46c">
    <Deployment runDeploymentRoot="DELL-DIDI$_DELL-DIDI_2026-02-25_19_15_20" />
  </TestSettings>
  <Results>
    <UnitTestResult executionId="01ac9ce0-be74-4fbe-a14c-ff1c6c0d724b" testId="cbe9b79c-4d97-b0c2-0a38-caeb149ff23b" testName="Recommendation.API.Tests.Unit.ScoreCalculatorTests.GenerateReason_ReturnsCorrectMessage(users: 15, expectedPart: &quot;15 utilisateurs&quot;)" computerName="DELL-DIDI" duration="00:00:00.0000276" startTime="2026-02-25T19:15:20.6732797+00:00" endTime="2026-02-25T19:15:20.6732799+00:00" testType="13cdc9d9-ddb5-4fa4-a97d-d965ccfc6d4b" outcome="Passed" testListId="8c84fa94-04c1-424b-9868-57a2d4851a1d" relativeResultsDirectory="01ac9ce0-be74-4fbe-a14c-ff1c6c0d724b" />
    <UnitTestResult executionId="a63c43dc-be24-44fa-add6-9f77baf8ec2e" testId="b41aaed4-dac4-cb1e-160c-efa24840a2fa" testName="Recommendation.API.Tests.Unit.CollaborativeFilteringAlgorithmTests.GetRecommendedProductIds_PassesCorrectSimilarUsersList" computerName="DELL-DIDI" duration="00:00:00.0049767" startTime="2026-02-25T19:15:20.6932695+00:00" endTime="2026-02-25T19:15:20.6932698+00:00" testType="13cdc9d9-ddb5-4fa4-a97d-d965ccfc6d4b" outcome="Passed" testListId="8c84fa94-04c1-424b-9868-57a2d4851a1d" relativeResultsDirectory="a63c43dc-be24-44fa-add6-9f77baf8ec2e" />
    <UnitTestResult executionId="13ab5ec6-a230-4044-a63e-c2240727bf58" testId="cee4d745-2224-2c39-7635-a56c05cf04bf" testName="Recommendation.API.Tests.Unit.RecommendationServiceTests.GetUserHistoryAsync_ReturnsProductIds" computerName="DELL-DIDI" duration="00:00:00.0010726" startTime="2026-02-25T19:15:20.7085417+00:00" endTime="2026-02-25T19:15:20.7085424+00:00" testType="13cdc9d9-ddb5-4fa4-a97d-d965ccfc6d4b" outcome="Passed" testListId="8c84fa94-04c1-424b-9868-57a2d4851a1d" relativeResultsDirectory="13ab5ec6-a230-4044-a63e-c2240727bf58" />
    <UnitTestResult executionId="8a61e6da-517a-48e5-a3c4-9995df585fec" testId="5dec0a9b-3ca7-d71a-5c21-7a97a58e5119" testName="Recommendation.API.Tests.Unit.ScoreCalculatorTests.CalculateConfidence_IsProportionalToSimilarUsers(users: 50, expected: 1)" computerName="DELL-DIDI" duration="00:00:00.0000348" startTime="2026-02-25T19:15:20.6319355+00:00" endTime="2026-02-25T19:15:20.6319357+00:00" testType="13cdc9d9-ddb5-4fa4-a97d-d965ccfc6d4b" outcome="Passed" testListId="8c84fa94-04c1-424b-9868-57a2d4851a1d" relativeResultsDirectory="8a61e6da-517a-48e5-a3c4-9995df585fec" />
    <UnitTestResult executionId="ba681167-07e8-4f8c-bb6e-20120c203ffa" testId="3c9cd606-18be-b843-fe65-26d3c2c86a93" testName="Recommendation.API.Tests.Unit.RecommendationServiceTests.GetTrendingAsync_ReturnsEmpty_WhenNoProducts" computerName="DELL-DIDI" duration="00:00:00.0015319" startTime="2026-02-25T19:15:20.7241507+00:00" endTime="2026-02-25T19:15:20.7241510+00:00" testType="13cdc9d9-ddb5-4fa4-a97d-d965ccfc6d4b" outcome="Passed" testListId="8c84fa94-04c1-424b-9868-57a2d4851a1d" relativeResultsDirectory="ba681167-07e8-4f8c-bb6e-20120c203ffa" />
    <UnitTestResult executionId="96f1133a-429b-431e-9ee0-58ff6033b36a" testId="f7a884cc-550b-b160-c191-d467a2c49204" testName="Recommendation.API.Tests.Unit.RecommendationServiceTests.GetPersonalizedAsync_RespectsLimit" computerName="DELL-DIDI" duration="00:00:00.0017749" startTime="2026-02-25T19:15:20.7203374+00:00" endTime="2026-02-25T19:15:20.7203376+00:00" testType="13cdc9d9-ddb5-4fa4-a97d-d965ccfc6d4b" outcome="Passed" testListId="8c84fa94-04c1-424b-9868-57a2d4851a1d" relativeResultsDirectory="96f1133a-429b-431e-9ee0-58ff6033b36a" />
    <UnitTestResult executionId="8ef6efc9-9246-4666-bff2-e5b91184da6e" testId="4ad2f402-1462-bff4-c415-4914c9c09576" testName="Recommendation.API.Tests.Unit.ScoreCalculatorTests.CalculateConfidence_IsProportionalToSimilarUsers(users: 20, expected: 1)" computerName="DELL-DIDI" duration="00:00:00.0080242" startTime="2026-02-25T19:15:20.6289553+00:00" endTime="2026-02-25T19:15:20.6289557+00:00" testType="13cdc9d9-ddb5-4fa4-a97d-d965ccfc6d4b" outcome="Passed" testListId="8c84fa94-04c1-424b-9868-57a2d4851a1d" relativeResultsDirectory="8ef6efc9-9246-4666-bff2-e5b91184da6e" />
    <UnitTestResult executionId="2a82730a-e965-4bef-a168-197262474dee" testId="5eaef1de-6f2a-5f56-c4dc-9dc7c47b860c" testName="Recommendation.API.Tests.Unit.RecommendationServiceTests.GetPersonalizedAsync_WithHistoryButNoSimilarUsers_ReturnsTrending7Days" computerName="DELL-DIDI" duration="00:00:00.0017347" startTime="2026-02-25T19:15:20.7259537+00:00" endTime="2026-02-25T19:15:20.7259538+00:00" testType="13cdc9d9-ddb5-4fa4-a97d-d965ccfc6d4b" outcome="Passed" testListId="8c84fa94-04c1-424b-9868-57a2d4851a1d" relativeResultsDirectory="2a82730a-e965-4bef-a168-197262474dee" />
    <UnitTestResult executionId="8f98179e-4a38-43f4-b183-6766c5732441" testId="15258a24-9a4a-b626-b4e5-83518883735a" testName="Recommendation.API.Tests.Unit.RecommendationServiceTests.GetUserHistoryAsync_ReturnsEmpty_WhenNoHistory" computerName="DELL-DIDI" duration="00:00:00.0014091" startTime="2026-02-25T19:15:20.7000895+00:00" endTime="2026-02-25T19:15:20.7000899+00:00" testType="13cdc9d9-ddb5-4fa4-a97d-d965ccfc6d4b" outcome="Passed" testListId="8c84fa94-04c1-424b-9868-57a2d4851a1d" relativeResultsDirectory="8f98179e-4a38-43f4-b183-6766c5732441" />
    <UnitTestResult executionId="b74cdd87-887a-4bfa-8590-a2206ae69900" testId="187d932d-15b5-bcb0-170f-634eb4b56270" testName="Recommendation.API.Tests.Unit.ScoreCalculatorTests.CalculateScore_RecentProduct_HasHigherScore" computerName="DELL-DIDI" duration="00:00:00.0001094" startTime="2026-02-25T19:15:20.6746949+00:00" endTime="2026-02-25T19:15:20.6746950+00:00" testType="13cdc9d9-ddb5-4fa4-a97d-d965ccfc6d4b" outcome="Passed" testListId="8c84fa94-04c1-424b-9868-57a2d4851a1d" relativeResultsDirectory="b74cdd87-887a-4bfa-8590-a2206ae69900" />
    <UnitTestResult executionId="968ad47b-a2ab-4ed2-bfb4-be3bc1bb81c3" testId="7546e4df-e5b6-711e-2a85-029ef04a0716" testName="Recommendation.API.Tests.Unit.RecommendationServiceTests.GetTrendingAsync_ReturnsProductsWithTrendingReason" computerName="DELL-DIDI" duration="00:00:00.0008222" startTime="2026-02-25T19:15:20.7268218+00:00" endTime="2026-02-25T19:15:20.7268219+00:00" testType="13cdc9d9-ddb5-4fa4-a97d-d965ccfc6d4b" outcome="Passed" testListId="8c84fa94-04c1-424b-9868-57a2d4851a1d" relativeResultsDirectory="968ad47b-a2ab-4ed2-bfb4-be3bc1bb81c3" />
    <UnitTestResult executionId="e3768fe9-724b-4d44-8753-2e84a3fce241" testId="366074bc-1e6b-9053-f4f1-78cb08e333e2" testName="Recommendation.API.Tests.Unit.ContentBasedFilteringAlgorithmTests.GetSimilarProductIds_RespectsCustomLimit" computerName="DELL-DIDI" duration="00:00:00.0908795" startTime="2026-02-25T19:15:20.6756874+00:00" endTime="2026-02-25T19:15:20.6756876+00:00" testType="13cdc9d9-ddb5-4fa4-a97d-d965ccfc6d4b" outcome="Passed" testListId="8c84fa94-04c1-424b-9868-57a2d4851a1d" relativeResultsDirectory="e3768fe9-724b-4d44-8753-2e84a3fce241" />
    <UnitTestResult executionId="e9df4ef3-0a44-409a-ae04-90c6853bfd82" testId="85ef28e7-3148-960f-3c2a-d4c2ff5c7300" testName="Recommendation.API.Tests.Unit.RecommendationServiceTests.GetPersonalizedAsync_WithHistory_UsesCollaborativeFiltering" computerName="DELL-DIDI" duration="00:00:00.1017166" startTime="2026-02-25T19:15:20.6863681+00:00" endTime="2026-02-25T19:15:20.6863684+00:00" testType="13cdc9d9-ddb5-4fa4-a97d-d965ccfc6d4b" outcome="Passed" testListId="8c84fa94-04c1-424b-9868-57a2d4851a1d" relativeResultsDirectory="e9df4ef3-0a44-409a-ae04-90c6853bfd82" />
    <UnitTestResult executionId="92ae8eaa-a31d-498e-90a8-2e4c18cea004" testId="9bc73937-14bc-bd8a-fa8b-7967e8689e3a" testName="Recommendation.API.Tests.Unit.ScoreCalculatorTests.GenerateReason_ReturnsCorrectMessage(users: 6, expectedPart: &quot;similaires&quot;)" computerName="DELL-DIDI" duration="00:00:00.0147659" startTime="2026-02-25T19:15:20.6329567+00:00" endTime="2026-02-25T19:15:20.6329570+00:00" testType="13cdc9d9-ddb5-4fa4-a97d-d965ccfc6d4b" outcome="Passed" testListId="8c84fa94-04c1-424b-9868-57a2d4851a1d" relativeResultsDirectory="92ae8eaa-a31d-498e-90a8-2e4c18cea004" />
    <UnitTestResult executionId="06ed9da6-ac0d-4c66-91bc-4d5ef1524032" testId="4a7b7ca8-4811-aed6-6383-18cbf8011d91" testName="Recommendation.API.Tests.Unit.ScoreCalculatorTests.CalculateConfidence_IsProportionalToSimilarUsers(users: 0, expected: 0)" computerName="DELL-DIDI" duration="00:00:00.0000082" startTime="2026-02-25T19:15:20.6322918+00:00" endTime="2026-02-25T19:15:20.6322919+00:00" testType="13cdc9d9-ddb5-4fa4-a97d-d965ccfc6d4b" outcome="Passed" testListId="8c84fa94-04c1-424b-9868-57a2d4851a1d" relativeResultsDirectory="06ed9da6-ac0d-4c66-91bc-4d5ef1524032" />
    <UnitTestResult executionId="b79c28e1-b8db-453e-8fea-503c02cfa662" testId="ce39b2fb-6fa5-0509-67db-66c2f1c8ee4e" testName="Recommendation.API.Tests.Unit.RecommendationServiceTests.GetPersonalizedAsync_ColdStart_ReturnsEmpty_WhenNoTrending" computerName="DELL-DIDI" duration="00:00:00.0020151" startTime="2026-02-25T19:15:20.7022197+00:00" endTime="2026-02-25T19:15:20.7022201+00:00" testType="13cdc9d9-ddb5-4fa4-a97d-d965ccfc6d4b" outcome="Passed" testListId="8c84fa94-04c1-424b-9868-57a2d4851a1d" relativeResultsDirectory="b79c28e1-b8db-453e-8fea-503c02cfa662" />
    <UnitTestResult executionId="c653051e-7dfb-4d3b-ac1e-c714fddb3221" testId="e293b36b-f607-9a21-7608-5fc3365388fb" testName="Recommendation.API.Tests.Unit.RecommendationServiceTests.GetPersonalizedAsync_ColdStart_ReturnsTrendingProducts" computerName="DELL-DIDI" duration="00:00:00.0025643" startTime="2026-02-25T19:15:20.7048874+00:00" endTime="2026-02-25T19:15:20.7048878+00:00" testType="13cdc9d9-ddb5-4fa4-a97d-d965ccfc6d4b" outcome="Passed" testListId="8c84fa94-04c1-424b-9868-57a2d4851a1d" relativeResultsDirectory="c653051e-7dfb-4d3b-ac1e-c714fddb3221" />
    <UnitTestResult executionId="ca0287e0-a031-4080-aed2-d9421b82578a" testId="995b2017-4866-a945-7e3a-74fa3eafc55a" testName="Recommendation.API.Tests.Unit.ContentBasedFilteringAlgorithmTests.GetSimilarProductIds_ReturnsEmpty_WhenNoSimilar" computerName="DELL-DIDI" duration="00:00:00.0055304" startTime="2026-02-25T19:15:20.6813730+00:00" endTime="2026-02-25T19:15:20.6813733+00:00" testType="13cdc9d9-ddb5-4fa4-a97d-d965ccfc6d4b" outcome="Passed" testListId="8c84fa94-04c1-424b-9868-57a2d4851a1d" relativeResultsDirectory="ca0287e0-a031-4080-aed2-d9421b82578a" />
    <UnitTestResult executionId="2aef77f7-9061-46f2-9de4-70a62897120d" testId="23aabbfc-bb1f-46e0-05eb-f99816f3a846" testName="Recommendation.API.Tests.Unit.RecommendationServiceTests.GetSimilarProductsAsync_ScoreBasedOnRating" computerName="DELL-DIDI" duration="00:00:00.0023628" startTime="2026-02-25T19:15:20.7073655+00:00" endTime="2026-02-25T19:15:20.7073656+00:00" testType="13cdc9d9-ddb5-4fa4-a97d-d965ccfc6d4b" outcome="Passed" testListId="8c84fa94-04c1-424b-9868-57a2d4851a1d" relativeResultsDirectory="2aef77f7-9061-46f2-9de4-70a62897120d" />
    <UnitTestResult executionId="20addf6b-2cbb-499d-af06-8c0757839d37" testId="ee220c8e-a21c-1ed7-4208-913af6151305" testName="Recommendation.API.Tests.Unit.CollaborativeFilteringAlgorithmTests.GetRecommendedProductIds_WithSimilarUsers_AppliesLimit" computerName="DELL-DIDI" duration="00:00:00.0014066" startTime="2026-02-25T19:15:20.6891586+00:00" endTime="2026-02-25T19:15:20.6891586+00:00" testType="13cdc9d9-ddb5-4fa4-a97d-d965ccfc6d4b" outcome="Passed" testListId="8c84fa94-04c1-424b-9868-57a2d4851a1d" relativeResultsDirectory="20addf6b-2cbb-499d-af06-8c0757839d37" />
    <UnitTestResult executionId="29a6c053-1954-4b2a-bb34-17823b7f3c6b" testId="e9fcb80c-1047-6dfb-c149-cb50a7384c70" testName="Recommendation.API.Tests.Unit.CollaborativeFilteringAlgorithmTests.GetRecommendedProductIds_NoSimilarUsers_CallsTrending7Days" computerName="DELL-DIDI" duration="00:00:00.0013959" startTime="2026-02-25T19:15:20.6949957+00:00" endTime="2026-02-25T19:15:20.6949958+00:00" testType="13cdc9d9-ddb5-4fa4-a97d-d965ccfc6d4b" outcome="Passed" testListId="8c84fa94-04c1-424b-9868-57a2d4851a1d" relativeResultsDirectory="29a6c053-1954-4b2a-bb34-17823b7f3c6b" />
    <UnitTestResult executionId="bd5161e9-030d-461c-a18a-cc6d3f529f3f" testId="e03ad6b8-1484-03fe-41dc-a5699fe3d9c5" testName="Recommendation.API.Tests.Unit.ScoreCalculatorTests.CalculateScore_HighRating_HasHigherScore" computerName="DELL-DIDI" duration="00:00:00.0003659" startTime="2026-02-25T19:15:20.6743716+00:00" endTime="2026-02-25T19:15:20.6743718+00:00" testType="13cdc9d9-ddb5-4fa4-a97d-d965ccfc6d4b" outcome="Passed" testListId="8c84fa94-04c1-424b-9868-57a2d4851a1d" relativeResultsDirectory="bd5161e9-030d-461c-a18a-cc6d3f529f3f" />
    <UnitTestResult executionId="694832b0-bca5-4dfd-8757-76bf609bdc6c" testId="b9ddb429-9016-3be6-880c-97e689679d67" testName="Recommendation.API.Tests.Unit.ScoreCalculatorTests.CalculateConfidence_IsProportionalToSimilarUsers(users: 10, expected: 0.5)" computerName="DELL-DIDI" duration="00:00:00.0049366" startTime="2026-02-25T19:15:20.6171389+00:00" endTime="2026-02-25T19:15:20.6171813+00:00" testType="13cdc9d9-ddb5-4fa4-a97d-d965ccfc6d4b" outcome="Passed" testListId="8c84fa94-04c1-424b-9868-57a2d4851a1d" relativeResultsDirectory="694832b0-bca5-4dfd-8757-76bf609bdc6c" />
    <UnitTestResult executionId="109bff64-41e2-4535-8b2d-c03d6e2a024f" testId="edb88cdd-be02-0580-f01b-041378b26136" testName="Recommendation.API.Tests.Unit.CollaborativeFilteringAlgorithmTests.GetRecommendedProductIds_ColdStart_CallsTrending30Days" computerName="DELL-DIDI" duration="00:00:00.1020751" startTime="2026-02-25T19:15:20.6887774+00:00" endTime="2026-02-25T19:15:20.6887775+00:00" testType="13cdc9d9-ddb5-4fa4-a97d-d965ccfc6d4b" outcome="Passed" testListId="8c84fa94-04c1-424b-9868-57a2d4851a1d" relativeResultsDirectory="109bff64-41e2-4535-8b2d-c03d6e2a024f" />
    <UnitTestResult executionId="a642594c-59df-4640-8dfc-38ebc0207c03" testId="497f877e-33b9-8264-fc50-6ec3b444e7e4" testName="Recommendation.API.Tests.Unit.ScoreCalculatorTests.GenerateReason_ReturnsCorrectMessage(users: 0, expectedPart: &quot;catégorie&quot;)" computerName="DELL-DIDI" duration="00:00:00.0002717" startTime="2026-02-25T19:15:20.6339732+00:00" endTime="2026-02-25T19:15:20.6339733+00:00" testType="13cdc9d9-ddb5-4fa4-a97d-d965ccfc6d4b" outcome="Passed" testListId="8c84fa94-04c1-424b-9868-57a2d4851a1d" relativeResultsDirectory="a642594c-59df-4640-8dfc-38ebc0207c03" />
    <UnitTestResult executionId="f428295b-4add-4078-9489-d5697b78656b" testId="c90f22cc-4a57-e96e-4cc1-aded9e6ff70e" testName="Recommendation.API.Tests.Unit.ContentBasedFilteringAlgorithmTests.GetSimilarProductIds_DelegatesToRepository" computerName="DELL-DIDI" duration="00:00:00.0052126" startTime="2026-02-25T19:15:20.6885731+00:00" endTime="2026-02-25T19:15:20.6885735+00:00" testType="13cdc9d9-ddb5-4fa4-a97d-d965ccfc6d4b" outcome="Passed" testListId="8c84fa94-04c1-424b-9868-57a2d4851a1d" relativeResultsDirectory="f428295b-4add-4078-9489-d5697b78656b" />
    <UnitTestResult executionId="ea3e9ff6-c40e-4d75-934b-f0ab5279c81f" testId="181219d1-3cbb-9798-14ef-52423b98b9cc" testName="Recommendation.API.Tests.Unit.RecommendationServiceTests.GetTrendingAsync_ScoreDecreasesWithPosition" computerName="DELL-DIDI" duration="00:00:00.0037443" startTime="2026-02-25T19:15:20.6985743+00:00" endTime="2026-02-25T19:15:20.6985746+00:00" testType="13cdc9d9-ddb5-4fa4-a97d-d965ccfc6d4b" outcome="Passed" testListId="8c84fa94-04c1-424b-9868-57a2d4851a1d" relativeResultsDirectory="ea3e9ff6-c40e-4d75-934b-f0ab5279c81f" />
    <UnitTestResult executionId="5596aaf5-e9b9-488e-94a9-1676b7dbc25f" testId="c536b53a-1aa1-95bb-da78-8113196b193e" testName="Recommendation.API.Tests.Unit.ScoreCalculatorTests.CalculateScore_ReturnsBetween0And1" computerName="DELL-DIDI" duration="00:00:00.0032642" startTime="2026-02-25T19:15:20.6739611+00:00" endTime="2026-02-25T19:15:20.6739613+00:00" testType="13cdc9d9-ddb5-4fa4-a97d-d965ccfc6d4b" outcome="Passed" testListId="8c84fa94-04c1-424b-9868-57a2d4851a1d" relativeResultsDirectory="5596aaf5-e9b9-488e-94a9-1676b7dbc25f" />
    <UnitTestResult executionId="e7348b31-f2ff-4c09-a319-387f3e52083e" testId="83264ccf-7af3-95d7-e553-cf64347598ef" testName="Recommendation.API.Tests.Unit.RecommendationServiceTests.GetSimilarProductsAsync_ReturnsSimilarWithFixedConfidence" computerName="DELL-DIDI" duration="00:00:00.0082375" startTime="2026-02-25T19:15:20.6947136+00:00" endTime="2026-02-25T19:15:20.6947140+00:00" testType="13cdc9d9-ddb5-4fa4-a97d-d965ccfc6d4b" outcome="Passed" testListId="8c84fa94-04c1-424b-9868-57a2d4851a1d" relativeResultsDirectory="e7348b31-f2ff-4c09-a319-387f3e52083e" />
    <UnitTestResult executionId="7f13b776-723c-46dc-a4cd-312635171763" testId="f479ae4a-2614-3651-46a6-90ad857cbed6" testName="Recommendation.API.Tests.Unit.RecommendationServiceTests.RecordViewAsync_CallsEnsureUserThenRecordView" computerName="DELL-DIDI" duration="00:00:00.0020975" startTime="2026-02-25T19:15:20.7225460+00:00" endTime="2026-02-25T19:15:20.7225464+00:00" testType="13cdc9d9-ddb5-4fa4-a97d-d965ccfc6d4b" outcome="Passed" testListId="8c84fa94-04c1-424b-9868-57a2d4851a1d" relativeResultsDirectory="7f13b776-723c-46dc-a4cd-312635171763" />
    <UnitTestResult executionId="c3de427b-9b47-4634-a4e6-e5d47cf0aafa" testId="ef82be41-1af1-40ea-0ae9-e293e5293581" testName="Recommendation.API.Tests.Unit.RecommendationServiceTests.RecordPurchaseAsync_EnsuresUserAndProductsExist" computerName="DELL-DIDI" duration="00:00:00.0098008" startTime="2026-02-25T19:15:20.7184771+00:00" endTime="2026-02-25T19:15:20.7184775+00:00" testType="13cdc9d9-ddb5-4fa4-a97d-d965ccfc6d4b" outcome="Passed" testListId="8c84fa94-04c1-424b-9868-57a2d4851a1d" relativeResultsDirectory="c3de427b-9b47-4634-a4e6-e5d47cf0aafa" />
    <UnitTestResult executionId="9ecbc96e-d48d-4606-983d-3f78898e6e0b" testId="0fe6314c-55a5-b6c2-d315-94df8660381c" testName="Recommendation.API.Tests.Unit.ScoreCalculatorTests.CalculateScore_HighPurchaseCount_HasHigherScore" computerName="DELL-DIDI" duration="00:00:00.0000959" startTime="2026-02-25T19:15:20.6750173+00:00" endTime="2026-02-25T19:15:20.6750174+00:00" testType="13cdc9d9-ddb5-4fa4-a97d-d965ccfc6d4b" outcome="Passed" testListId="8c84fa94-04c1-424b-9868-57a2d4851a1d" relativeResultsDirectory="9ecbc96e-d48d-4606-983d-3f78898e6e0b" />
  </Results>
  <TestDefinitions>
    <UnitTest name="Recommendation.API.Tests.Unit.CollaborativeFilteringAlgorithmTests.GetRecommendedProductIds_NoSimilarUsers_CallsTrending7Days" storage="d:\marketplace-clean\tests\recommendation.api.tests\bin\release\net8.0\recommendation.api.tests.dll" id="e9fcb80c-1047-6dfb-c149-cb50a7384c70">
      <Execution id="29a6c053-1954-4b2a-bb34-17823b7f3c6b" />
      <TestMethod codeBase="D:\marketplace-clean\Tests\Recommendation.API.Tests\bin\Release\net8.0\Recommendation.API.Tests.dll" adapterTypeName="executor://xunit/VsTestRunner2/netcoreapp" className="Recommendation.API.Tests.Unit.CollaborativeFilteringAlgorithmTests" name="GetRecommendedProductIds_NoSimilarUsers_CallsTrending7Days" />
    </UnitTest>
    <UnitTest name="Recommendation.API.Tests.Unit.RecommendationServiceTests.RecordViewAsync_CallsEnsureUserThenRecordView" storage="d:\marketplace-clean\tests\recommendation.api.tests\bin\release\net8.0\recommendation.api.tests.dll" id="f479ae4a-2614-3651-46a6-90ad857cbed6">
      <Execution id="7f13b776-723c-46dc-a4cd-312635171763" />
      <TestMethod codeBase="D:\marketplace-clean\Tests\Recommendation.API.Tests\bin\Release\net8.0\Recommendation.API.Tests.dll" adapterTypeName="executor://xunit/VsTestRunner2/netcoreapp" className="Recommendation.API.Tests.Unit.RecommendationServiceTests" name="RecordViewAsync_CallsEnsureUserThenRecordView" />
    </UnitTest>
    <UnitTest name="Recommendation.API.Tests.Unit.RecommendationServiceTests.GetUserHistoryAsync_ReturnsProductIds" storage="d:\marketplace-clean\tests\recommendation.api.tests\bin\release\net8.0\recommendation.api.tests.dll" id="cee4d745-2224-2c39-7635-a56c05cf04bf">
      <Execution id="13ab5ec6-a230-4044-a63e-c2240727bf58" />
      <TestMethod codeBase="D:\marketplace-clean\Tests\Recommendation.API.Tests\bin\Release\net8.0\Recommendation.API.Tests.dll" adapterTypeName="executor://xunit/VsTestRunner2/netcoreapp" className="Recommendation.API.Tests.Unit.RecommendationServiceTests" name="GetUserHistoryAsync_ReturnsProductIds" />
    </UnitTest>
    <UnitTest name="Recommendation.API.Tests.Unit.RecommendationServiceTests.GetPersonalizedAsync_ColdStart_ReturnsEmpty_WhenNoTrending" storage="d:\marketplace-clean\tests\recommendation.api.tests\bin\release\net8.0\recommendation.api.tests.dll" id="ce39b2fb-6fa5-0509-67db-66c2f1c8ee4e">
      <Execution id="b79c28e1-b8db-453e-8fea-503c02cfa662" />
      <TestMethod codeBase="D:\marketplace-clean\Tests\Recommendation.API.Tests\bin\Release\net8.0\Recommendation.API.Tests.dll" adapterTypeName="executor://xunit/VsTestRunner2/netcoreapp" className="Recommendation.API.Tests.Unit.RecommendationServiceTests" name="GetPersonalizedAsync_ColdStart_ReturnsEmpty_WhenNoTrending" />
    </UnitTest>
    <UnitTest name="Recommendation.API.Tests.Unit.ContentBasedFilteringAlgorithmTests.GetSimilarProductIds_RespectsCustomLimit" storage="d:\marketplace-clean\tests\recommendation.api.tests\bin\release\net8.0\recommendation.api.tests.dll" id="366074bc-1e6b-9053-f4f1-78cb08e333e2">
      <Execution id="e3768fe9-724b-4d44-8753-2e84a3fce241" />
      <TestMethod codeBase="D:\marketplace-clean\Tests\Recommendation.API.Tests\bin\Release\net8.0\Recommendation.API.Tests.dll" adapterTypeName="executor://xunit/VsTestRunner2/netcoreapp" className="Recommendation.API.Tests.Unit.ContentBasedFilteringAlgorithmTests" name="GetSimilarProductIds_RespectsCustomLimit" />
    </UnitTest>
    <UnitTest name="Recommendation.API.Tests.Unit.RecommendationServiceTests.GetPersonalizedAsync_RespectsLimit" storage="d:\marketplace-clean\tests\recommendation.api.tests\bin\release\net8.0\recommendation.api.tests.dll" id="f7a884cc-550b-b160-c191-d467a2c49204">
      <Execution id="96f1133a-429b-431e-9ee0-58ff6033b36a" />
      <TestMethod codeBase="D:\marketplace-clean\Tests\Recommendation.API.Tests\bin\Release\net8.0\Recommendation.API.Tests.dll" adapterTypeName="executor://xunit/VsTestRunner2/netcoreapp" className="Recommendation.API.Tests.Unit.RecommendationServiceTests" name="GetPersonalizedAsync_RespectsLimit" />
    </UnitTest>
    <UnitTest name="Recommendation.API.Tests.Unit.ScoreCalculatorTests.GenerateReason_ReturnsCorrectMessage(users: 15, expectedPart: &quot;15 utilisateurs&quot;)" storage="d:\marketplace-clean\tests\recommendation.api.tests\bin\release\net8.0\recommendation.api.tests.dll" id="cbe9b79c-4d97-b0c2-0a38-caeb149ff23b">
      <Execution id="01ac9ce0-be74-4fbe-a14c-ff1c6c0d724b" />
      <TestMethod codeBase="D:\marketplace-clean\Tests\Recommendation.API.Tests\bin\Release\net8.0\Recommendation.API.Tests.dll" adapterTypeName="executor://xunit/VsTestRunner2/netcoreapp" className="Recommendation.API.Tests.Unit.ScoreCalculatorTests" name="GenerateReason_ReturnsCorrectMessage" />
    </UnitTest>
    <UnitTest name="Recommendation.API.Tests.Unit.RecommendationServiceTests.GetUserHistoryAsync_ReturnsEmpty_WhenNoHistory" storage="d:\marketplace-clean\tests\recommendation.api.tests\bin\release\net8.0\recommendation.api.tests.dll" id="15258a24-9a4a-b626-b4e5-83518883735a">
      <Execution id="8f98179e-4a38-43f4-b183-6766c5732441" />
      <TestMethod codeBase="D:\marketplace-clean\Tests\Recommendation.API.Tests\bin\Release\net8.0\Recommendation.API.Tests.dll" adapterTypeName="executor://xunit/VsTestRunner2/netcoreapp" className="Recommendation.API.Tests.Unit.RecommendationServiceTests" name="GetUserHistoryAsync_ReturnsEmpty_WhenNoHistory" />
    </UnitTest>
    <UnitTest name="Recommendation.API.Tests.Unit.RecommendationServiceTests.GetTrendingAsync_ReturnsProductsWithTrendingReason" storage="d:\marketplace-clean\tests\recommendation.api.tests\bin\release\net8.0\recommendation.api.tests.dll" id="7546e4df-e5b6-711e-2a85-029ef04a0716">
      <Execution id="968ad47b-a2ab-4ed2-bfb4-be3bc1bb81c3" />
      <TestMethod codeBase="D:\marketplace-clean\Tests\Recommendation.API.Tests\bin\Release\net8.0\Recommendation.API.Tests.dll" adapterTypeName="executor://xunit/VsTestRunner2/netcoreapp" className="Recommendation.API.Tests.Unit.RecommendationServiceTests" name="GetTrendingAsync_ReturnsProductsWithTrendingReason" />
    </UnitTest>
    <UnitTest name="Recommendation.API.Tests.Unit.ContentBasedFilteringAlgorithmTests.GetSimilarProductIds_DelegatesToRepository" storage="d:\marketplace-clean\tests\recommendation.api.tests\bin\release\net8.0\recommendation.api.tests.dll" id="c90f22cc-4a57-e96e-4cc1-aded9e6ff70e">
      <Execution id="f428295b-4add-4078-9489-d5697b78656b" />
      <TestMethod codeBase="D:\marketplace-clean\Tests\Recommendation.API.Tests\bin\Release\net8.0\Recommendation.API.Tests.dll" adapterTypeName="executor://xunit/VsTestRunner2/netcoreapp" className="Recommendation.API.Tests.Unit.ContentBasedFilteringAlgorithmTests" name="GetSimilarProductIds_DelegatesToRepository" />
    </UnitTest>
    <UnitTest name="Recommendation.API.Tests.Unit.ScoreCalculatorTests.CalculateConfidence_IsProportionalToSimilarUsers(users: 20, expected: 1)" storage="d:\marketplace-clean\tests\recommendation.api.tests\bin\release\net8.0\recommendation.api.tests.dll" id="4ad2f402-1462-bff4-c415-4914c9c09576">
      <Execution id="8ef6efc9-9246-4666-bff2-e5b91184da6e" />
      <TestMethod codeBase="D:\marketplace-clean\Tests\Recommendation.API.Tests\bin\Release\net8.0\Recommendation.API.Tests.dll" adapterTypeName="executor://xunit/VsTestRunner2/netcoreapp" className="Recommendation.API.Tests.Unit.ScoreCalculatorTests" name="CalculateConfidence_IsProportionalToSimilarUsers" />
    </UnitTest>
    <UnitTest name="Recommendation.API.Tests.Unit.RecommendationServiceTests.GetPersonalizedAsync_WithHistoryButNoSimilarUsers_ReturnsTrending7Days" storage="d:\marketplace-clean\tests\recommendation.api.tests\bin\release\net8.0\recommendation.api.tests.dll" id="5eaef1de-6f2a-5f56-c4dc-9dc7c47b860c">
      <Execution id="2a82730a-e965-4bef-a168-197262474dee" />
      <TestMethod codeBase="D:\marketplace-clean\Tests\Recommendation.API.Tests\bin\Release\net8.0\Recommendation.API.Tests.dll" adapterTypeName="executor://xunit/VsTestRunner2/netcoreapp" className="Recommendation.API.Tests.Unit.RecommendationServiceTests" name="GetPersonalizedAsync_WithHistoryButNoSimilarUsers_ReturnsTrending7Days" />
    </UnitTest>
    <UnitTest name="Recommendation.API.Tests.Unit.ScoreCalculatorTests.CalculateScore_HighPurchaseCount_HasHigherScore" storage="d:\marketplace-clean\tests\recommendation.api.tests\bin\release\net8.0\recommendation.api.tests.dll" id="0fe6314c-55a5-b6c2-d315-94df8660381c">
      <Execution id="9ecbc96e-d48d-4606-983d-3f78898e6e0b" />
      <TestMethod codeBase="D:\marketplace-clean\Tests\Recommendation.API.Tests\bin\Release\net8.0\Recommendation.API.Tests.dll" adapterTypeName="executor://xunit/VsTestRunner2/netcoreapp" className="Recommendation.API.Tests.Unit.ScoreCalculatorTests" name="CalculateScore_HighPurchaseCount_HasHigherScore" />
    </UnitTest>
    <UnitTest name="Recommendation.API.Tests.Unit.CollaborativeFilteringAlgorithmTests.GetRecommendedProductIds_WithSimilarUsers_AppliesLimit" storage="d:\marketplace-clean\tests\recommendation.api.tests\bin\release\net8.0\recommendation.api.tests.dll" id="ee220c8e-a21c-1ed7-4208-913af6151305">
      <Execution id="20addf6b-2cbb-499d-af06-8c0757839d37" />
      <TestMethod codeBase="D:\marketplace-clean\Tests\Recommendation.API.Tests\bin\Release\net8.0\Recommendation.API.Tests.dll" adapterTypeName="executor://xunit/VsTestRunner2/netcoreapp" className="Recommendation.API.Tests.Unit.CollaborativeFilteringAlgorithmTests" name="GetRecommendedProductIds_WithSimilarUsers_AppliesLimit" />
    </UnitTest>
    <UnitTest name="Recommendation.API.Tests.Unit.RecommendationServiceTests.GetPersonalizedAsync_WithHistory_UsesCollaborativeFiltering" storage="d:\marketplace-clean\tests\recommendation.api.tests\bin\release\net8.0\recommendation.api.tests.dll" id="85ef28e7-3148-960f-3c2a-d4c2ff5c7300">
      <Execution id="e9df4ef3-0a44-409a-ae04-90c6853bfd82" />
      <TestMethod codeBase="D:\marketplace-clean\Tests\Recommendation.API.Tests\bin\Release\net8.0\Recommendation.API.Tests.dll" adapterTypeName="executor://xunit/VsTestRunner2/netcoreapp" className="Recommendation.API.Tests.Unit.RecommendationServiceTests" name="GetPersonalizedAsync_WithHistory_UsesCollaborativeFiltering" />
    </UnitTest>
    <UnitTest name="Recommendation.API.Tests.Unit.RecommendationServiceTests.GetSimilarProductsAsync_ReturnsSimilarWithFixedConfidence" storage="d:\marketplace-clean\tests\recommendation.api.tests\bin\release\net8.0\recommendation.api.tests.dll" id="83264ccf-7af3-95d7-e553-cf64347598ef">
      <Execution id="e7348b31-f2ff-4c09-a319-387f3e52083e" />
      <TestMethod codeBase="D:\marketplace-clean\Tests\Recommendation.API.Tests\bin\Release\net8.0\Recommendation.API.Tests.dll" adapterTypeName="executor://xunit/VsTestRunner2/netcoreapp" className="Recommendation.API.Tests.Unit.RecommendationServiceTests" name="GetSimilarProductsAsync_ReturnsSimilarWithFixedConfidence" />
    </UnitTest>
    <UnitTest name="Recommendation.API.Tests.Unit.CollaborativeFilteringAlgorithmTests.GetRecommendedProductIds_ColdStart_CallsTrending30Days" storage="d:\marketplace-clean\tests\recommendation.api.tests\bin\release\net8.0\recommendation.api.tests.dll" id="edb88cdd-be02-0580-f01b-041378b26136">
      <Execution id="109bff64-41e2-4535-8b2d-c03d6e2a024f" />
      <TestMethod codeBase="D:\marketplace-clean\Tests\Recommendation.API.Tests\bin\Release\net8.0\Recommendation.API.Tests.dll" adapterTypeName="executor://xunit/VsTestRunner2/netcoreapp" className="Recommendation.API.Tests.Unit.CollaborativeFilteringAlgorithmTests" name="GetRecommendedProductIds_ColdStart_CallsTrending30Days" />
    </UnitTest>
    <UnitTest name="Recommendation.API.Tests.Unit.ScoreCalculatorTests.CalculateScore_RecentProduct_HasHigherScore" storage="d:\marketplace-clean\tests\recommendation.api.tests\bin\release\net8.0\recommendation.api.tests.dll" id="187d932d-15b5-bcb0-170f-634eb4b56270">
      <Execution id="b74cdd87-887a-4bfa-8590-a2206ae69900" />
      <TestMethod codeBase="D:\marketplace-clean\Tests\Recommendation.API.Tests\bin\Release\net8.0\Recommendation.API.Tests.dll" adapterTypeName="executor://xunit/VsTestRunner2/netcoreapp" className="Recommendation.API.Tests.Unit.ScoreCalculatorTests" name="CalculateScore_RecentProduct_HasHigherScore" />
    </UnitTest>
    <UnitTest name="Recommendation.API.Tests.Unit.RecommendationServiceTests.GetTrendingAsync_ScoreDecreasesWithPosition" storage="d:\marketplace-clean\tests\recommendation.api.tests\bin\release\net8.0\recommendation.api.tests.dll" id="181219d1-3cbb-9798-14ef-52423b98b9cc">
      <Execution id="ea3e9ff6-c40e-4d75-934b-f0ab5279c81f" />
      <TestMethod codeBase="D:\marketplace-clean\Tests\Recommendation.API.Tests\bin\Release\net8.0\Recommendation.API.Tests.dll" adapterTypeName="executor://xunit/VsTestRunner2/netcoreapp" className="Recommendation.API.Tests.Unit.RecommendationServiceTests" name="GetTrendingAsync_ScoreDecreasesWithPosition" />
    </UnitTest>
    <UnitTest name="Recommendation.API.Tests.Unit.ContentBasedFilteringAlgorithmTests.GetSimilarProductIds_ReturnsEmpty_WhenNoSimilar" storage="d:\marketplace-clean\tests\recommendation.api.tests\bin\release\net8.0\recommendation.api.tests.dll" id="995b2017-4866-a945-7e3a-74fa3eafc55a">
      <Execution id="ca0287e0-a031-4080-aed2-d9421b82578a" />
      <TestMethod codeBase="D:\marketplace-clean\Tests\Recommendation.API.Tests\bin\Release\net8.0\Recommendation.API.Tests.dll" adapterTypeName="executor://xunit/VsTestRunner2/netcoreapp" className="Recommendation.API.Tests.Unit.ContentBasedFilteringAlgorithmTests" name="GetSimilarProductIds_ReturnsEmpty_WhenNoSimilar" />
    </UnitTest>
    <UnitTest name="Recommendation.API.Tests.Unit.ScoreCalculatorTests.CalculateConfidence_IsProportionalToSimilarUsers(users: 10, expected: 0.5)" storage="d:\marketplace-clean\tests\recommendation.api.tests\bin\release\net8.0\recommendation.api.tests.dll" id="b9ddb429-9016-3be6-880c-97e689679d67">
      <Execution id="694832b0-bca5-4dfd-8757-76bf609bdc6c" />
      <TestMethod codeBase="D:\marketplace-clean\Tests\Recommendation.API.Tests\bin\Release\net8.0\Recommendation.API.Tests.dll" adapterTypeName="executor://xunit/VsTestRunner2/netcoreapp" className="Recommendation.API.Tests.Unit.ScoreCalculatorTests" name="CalculateConfidence_IsProportionalToSimilarUsers" />
    </UnitTest>
    <UnitTest name="Recommendation.API.Tests.Unit.ScoreCalculatorTests.CalculateConfidence_IsProportionalToSimilarUsers(users: 0, expected: 0)" storage="d:\marketplace-clean\tests\recommendation.api.tests\bin\release\net8.0\recommendation.api.tests.dll" id="4a7b7ca8-4811-aed6-6383-18cbf8011d91">
      <Execution id="06ed9da6-ac0d-4c66-91bc-4d5ef1524032" />
      <TestMethod codeBase="D:\marketplace-clean\Tests\Recommendation.API.Tests\bin\Release\net8.0\Recommendation.API.Tests.dll" adapterTypeName="executor://xunit/VsTestRunner2/netcoreapp" className="Recommendation.API.Tests.Unit.ScoreCalculatorTests" name="CalculateConfidence_IsProportionalToSimilarUsers" />
    </UnitTest>
    <UnitTest name="Recommendation.API.Tests.Unit.RecommendationServiceTests.GetSimilarProductsAsync_ScoreBasedOnRating" storage="d:\marketplace-clean\tests\recommendation.api.tests\bin\release\net8.0\recommendation.api.tests.dll" id="23aabbfc-bb1f-46e0-05eb-f99816f3a846">
      <Execution id="2aef77f7-9061-46f2-9de4-70a62897120d" />
      <TestMethod codeBase="D:\marketplace-clean\Tests\Recommendation.API.Tests\bin\Release\net8.0\Recommendation.API.Tests.dll" adapterTypeName="executor://xunit/VsTestRunner2/netcoreapp" className="Recommendation.API.Tests.Unit.RecommendationServiceTests" name="GetSimilarProductsAsync_ScoreBasedOnRating" />
    </UnitTest>
    <UnitTest name="Recommendation.API.Tests.Unit.RecommendationServiceTests.RecordPurchaseAsync_EnsuresUserAndProductsExist" storage="d:\marketplace-clean\tests\recommendation.api.tests\bin\release\net8.0\recommendation.api.tests.dll" id="ef82be41-1af1-40ea-0ae9-e293e5293581">
      <Execution id="c3de427b-9b47-4634-a4e6-e5d47cf0aafa" />
      <TestMethod codeBase="D:\marketplace-clean\Tests\Recommendation.API.Tests\bin\Release\net8.0\Recommendation.API.Tests.dll" adapterTypeName="executor://xunit/VsTestRunner2/netcoreapp" className="Recommendation.API.Tests.Unit.RecommendationServiceTests" name="RecordPurchaseAsync_EnsuresUserAndProductsExist" />
    </UnitTest>
    <UnitTest name="Recommendation.API.Tests.Unit.RecommendationServiceTests.GetTrendingAsync_ReturnsEmpty_WhenNoProducts" storage="d:\marketplace-clean\tests\recommendation.api.tests\bin\release\net8.0\recommendation.api.tests.dll" id="3c9cd606-18be-b843-fe65-26d3c2c86a93">
      <Execution id="ba681167-07e8-4f8c-bb6e-20120c203ffa" />
      <TestMethod codeBase="D:\marketplace-clean\Tests\Recommendation.API.Tests\bin\Release\net8.0\Recommendation.API.Tests.dll" adapterTypeName="executor://xunit/VsTestRunner2/netcoreapp" className="Recommendation.API.Tests.Unit.RecommendationServiceTests" name="GetTrendingAsync_ReturnsEmpty_WhenNoProducts" />
    </UnitTest>
    <UnitTest name="Recommendation.API.Tests.Unit.ScoreCalculatorTests.GenerateReason_ReturnsCorrectMessage(users: 6, expectedPart: &quot;similaires&quot;)" storage="d:\marketplace-clean\tests\recommendation.api.tests\bin\release\net8.0\recommendation.api.tests.dll" id="9bc73937-14bc-bd8a-fa8b-7967e8689e3a">
      <Execution id="92ae8eaa-a31d-498e-90a8-2e4c18cea004" />
      <TestMethod codeBase="D:\marketplace-clean\Tests\Recommendation.API.Tests\bin\Release\net8.0\Recommendation.API.Tests.dll" adapterTypeName="executor://xunit/VsTestRunner2/netcoreapp" className="Recommendation.API.Tests.Unit.ScoreCalculatorTests" name="GenerateReason_ReturnsCorrectMessage" />
    </UnitTest>
    <UnitTest name="Recommendation.API.Tests.Unit.ScoreCalculatorTests.CalculateScore_ReturnsBetween0And1" storage="d:\marketplace-clean\tests\recommendation.api.tests\bin\release\net8.0\recommendation.api.tests.dll" id="c536b53a-1aa1-95bb-da78-8113196b193e">
      <Execution id="5596aaf5-e9b9-488e-94a9-1676b7dbc25f" />
      <TestMethod codeBase="D:\marketplace-clean\Tests\Recommendation.API.Tests\bin\Release\net8.0\Recommendation.API.Tests.dll" adapterTypeName="executor://xunit/VsTestRunner2/netcoreapp" className="Recommendation.API.Tests.Unit.ScoreCalculatorTests" name="CalculateScore_ReturnsBetween0And1" />
    </UnitTest>
    <UnitTest name="Recommendation.API.Tests.Unit.ScoreCalculatorTests.GenerateReason_ReturnsCorrectMessage(users: 0, expectedPart: &quot;catégorie&quot;)" storage="d:\marketplace-clean\tests\recommendation.api.tests\bin\release\net8.0\recommendation.api.tests.dll" id="497f877e-33b9-8264-fc50-6ec3b444e7e4">
      <Execution id="a642594c-59df-4640-8dfc-38ebc0207c03" />
      <TestMethod codeBase="D:\marketplace-clean\Tests\Recommendation.API.Tests\bin\Release\net8.0\Recommendation.API.Tests.dll" adapterTypeName="executor://xunit/VsTestRunner2/netcoreapp" className="Recommendation.API.Tests.Unit.ScoreCalculatorTests" name="GenerateReason_ReturnsCorrectMessage" />
    </UnitTest>
    <UnitTest name="Recommendation.API.Tests.Unit.ScoreCalculatorTests.CalculateConfidence_IsProportionalToSimilarUsers(users: 50, expected: 1)" storage="d:\marketplace-clean\tests\recommendation.api.tests\bin\release\net8.0\recommendation.api.tests.dll" id="5dec0a9b-3ca7-d71a-5c21-7a97a58e5119">
      <Execution id="8a61e6da-517a-48e5-a3c4-9995df585fec" />
      <TestMethod codeBase="D:\marketplace-clean\Tests\Recommendation.API.Tests\bin\Release\net8.0\Recommendation.API.Tests.dll" adapterTypeName="executor://xunit/VsTestRunner2/netcoreapp" className="Recommendation.API.Tests.Unit.ScoreCalculatorTests" name="CalculateConfidence_IsProportionalToSimilarUsers" />
    </UnitTest>
    <UnitTest name="Recommendation.API.Tests.Unit.CollaborativeFilteringAlgorithmTests.GetRecommendedProductIds_PassesCorrectSimilarUsersList" storage="d:\marketplace-clean\tests\recommendation.api.tests\bin\release\net8.0\recommendation.api.tests.dll" id="b41aaed4-dac4-cb1e-160c-efa24840a2fa">
      <Execution id="a63c43dc-be24-44fa-add6-9f77baf8ec2e" />
      <TestMethod codeBase="D:\marketplace-clean\Tests\Recommendation.API.Tests\bin\Release\net8.0\Recommendation.API.Tests.dll" adapterTypeName="executor://xunit/VsTestRunner2/netcoreapp" className="Recommendation.API.Tests.Unit.CollaborativeFilteringAlgorithmTests" name="GetRecommendedProductIds_PassesCorrectSimilarUsersList" />
    </UnitTest>
    <UnitTest name="Recommendation.API.Tests.Unit.ScoreCalculatorTests.CalculateScore_HighRating_HasHigherScore" storage="d:\marketplace-clean\tests\recommendation.api.tests\bin\release\net8.0\recommendation.api.tests.dll" id="e03ad6b8-1484-03fe-41dc-a5699fe3d9c5">
      <Execution id="bd5161e9-030d-461c-a18a-cc6d3f529f3f" />
      <TestMethod codeBase="D:\marketplace-clean\Tests\Recommendation.API.Tests\bin\Release\net8.0\Recommendation.API.Tests.dll" adapterTypeName="executor://xunit/VsTestRunner2/netcoreapp" className="Recommendation.API.Tests.Unit.ScoreCalculatorTests" name="CalculateScore_HighRating_HasHigherScore" />
    </UnitTest>
    <UnitTest name="Recommendation.API.Tests.Unit.RecommendationServiceTests.GetPersonalizedAsync_ColdStart_ReturnsTrendingProducts" storage="d:\marketplace-clean\tests\recommendation.api.tests\bin\release\net8.0\recommendation.api.tests.dll" id="e293b36b-f607-9a21-7608-5fc3365388fb">
      <Execution id="c653051e-7dfb-4d3b-ac1e-c714fddb3221" />
      <TestMethod codeBase="D:\marketplace-clean\Tests\Recommendation.API.Tests\bin\Release\net8.0\Recommendation.API.Tests.dll" adapterTypeName="executor://xunit/VsTestRunner2/netcoreapp" className="Recommendation.API.Tests.Unit.RecommendationServiceTests" name="GetPersonalizedAsync_ColdStart_ReturnsTrendingProducts" />
    </UnitTest>
  </TestDefinitions>
  <TestEntries>
    <TestEntry testId="cbe9b79c-4d97-b0c2-0a38-caeb149ff23b" executionId="01ac9ce0-be74-4fbe-a14c-ff1c6c0d724b" testListId="8c84fa94-04c1-424b-9868-57a2d4851a1d" />
    <TestEntry testId="b41aaed4-dac4-cb1e-160c-efa24840a2fa" executionId="a63c43dc-be24-44fa-add6-9f77baf8ec2e" testListId="8c84fa94-04c1-424b-9868-57a2d4851a1d" />
    <TestEntry testId="cee4d745-2224-2c39-7635-a56c05cf04bf" executionId="13ab5ec6-a230-4044-a63e-c2240727bf58" testListId="8c84fa94-04c1-424b-9868-57a2d4851a1d" />
    <TestEntry testId="5dec0a9b-3ca7-d71a-5c21-7a97a58e5119" executionId="8a61e6da-517a-48e5-a3c4-9995df585fec" testListId="8c84fa94-04c1-424b-9868-57a2d4851a1d" />
    <TestEntry testId="3c9cd606-18be-b843-fe65-26d3c2c86a93" executionId="ba681167-07e8-4f8c-bb6e-20120c203ffa" testListId="8c84fa94-04c1-424b-9868-57a2d4851a1d" />
    <TestEntry testId="f7a884cc-550b-b160-c191-d467a2c49204" executionId="96f1133a-429b-431e-9ee0-58ff6033b36a" testListId="8c84fa94-04c1-424b-9868-57a2d4851a1d" />
    <TestEntry testId="4ad2f402-1462-bff4-c415-4914c9c09576" executionId="8ef6efc9-9246-4666-bff2-e5b91184da6e" testListId="8c84fa94-04c1-424b-9868-57a2d4851a1d" />
    <TestEntry testId="5eaef1de-6f2a-5f56-c4dc-9dc7c47b860c" executionId="2a82730a-e965-4bef-a168-197262474dee" testListId="8c84fa94-04c1-424b-9868-57a2d4851a1d" />
    <TestEntry testId="15258a24-9a4a-b626-b4e5-83518883735a" executionId="8f98179e-4a38-43f4-b183-6766c5732441" testListId="8c84fa94-04c1-424b-9868-57a2d4851a1d" />
    <TestEntry testId="187d932d-15b5-bcb0-170f-634eb4b56270" executionId="b74cdd87-887a-4bfa-8590-a2206ae69900" testListId="8c84fa94-04c1-424b-9868-57a2d4851a1d" />
    <TestEntry testId="7546e4df-e5b6-711e-2a85-029ef04a0716" executionId="968ad47b-a2ab-4ed2-bfb4-be3bc1bb81c3" testListId="8c84fa94-04c1-424b-9868-57a2d4851a1d" />
    <TestEntry testId="366074bc-1e6b-9053-f4f1-78cb08e333e2" executionId="e3768fe9-724b-4d44-8753-2e84a3fce241" testListId="8c84fa94-04c1-424b-9868-57a2d4851a1d" />
    <TestEntry testId="85ef28e7-3148-960f-3c2a-d4c2ff5c7300" executionId="e9df4ef3-0a44-409a-ae04-90c6853bfd82" testListId="8c84fa94-04c1-424b-9868-57a2d4851a1d" />
    <TestEntry testId="9bc73937-14bc-bd8a-fa8b-7967e8689e3a" executionId="92ae8eaa-a31d-498e-90a8-2e4c18cea004" testListId="8c84fa94-04c1-424b-9868-57a2d4851a1d" />
    <TestEntry testId="4a7b7ca8-4811-aed6-6383-18cbf8011d91" executionId="06ed9da6-ac0d-4c66-91bc-4d5ef1524032" testListId="8c84fa94-04c1-424b-9868-57a2d4851a1d" />
    <TestEntry testId="ce39b2fb-6fa5-0509-67db-66c2f1c8ee4e" executionId="b79c28e1-b8db-453e-8fea-503c02cfa662" testListId="8c84fa94-04c1-424b-9868-57a2d4851a1d" />
    <TestEntry testId="e293b36b-f607-9a21-7608-5fc3365388fb" executionId="c653051e-7dfb-4d3b-ac1e-c714fddb3221" testListId="8c84fa94-04c1-424b-9868-57a2d4851a1d" />
    <TestEntry testId="995b2017-4866-a945-7e3a-74fa3eafc55a" executionId="ca0287e0-a031-4080-aed2-d9421b82578a" testListId="8c84fa94-04c1-424b-9868-57a2d4851a1d" />
    <TestEntry testId="23aabbfc-bb1f-46e0-05eb-f99816f3a846" executionId="2aef77f7-9061-46f2-9de4-70a62897120d" testListId="8c84fa94-04c1-424b-9868-57a2d4851a1d" />
    <TestEntry testId="ee220c8e-a21c-1ed7-4208-913af6151305" executionId="20addf6b-2cbb-499d-af06-8c0757839d37" testListId="8c84fa94-04c1-424b-9868-57a2d4851a1d" />
    <TestEntry testId="e9fcb80c-1047-6dfb-c149-cb50a7384c70" executionId="29a6c053-1954-4b2a-bb34-17823b7f3c6b" testListId="8c84fa94-04c1-424b-9868-57a2d4851a1d" />
    <TestEntry testId="e03ad6b8-1484-03fe-41dc-a5699fe3d9c5" executionId="bd5161e9-030d-461c-a18a-cc6d3f529f3f" testListId="8c84fa94-04c1-424b-9868-57a2d4851a1d" />
    <TestEntry testId="b9ddb429-9016-3be6-880c-97e689679d67" executionId="694832b0-bca5-4dfd-8757-76bf609bdc6c" testListId="8c84fa94-04c1-424b-9868-57a2d4851a1d" />
    <TestEntry testId="edb88cdd-be02-0580-f01b-041378b26136" executionId="109bff64-41e2-4535-8b2d-c03d6e2a024f" testListId="8c84fa94-04c1-424b-9868-57a2d4851a1d" />
    <TestEntry testId="497f877e-33b9-8264-fc50-6ec3b444e7e4" executionId="a642594c-59df-4640-8dfc-38ebc0207c03" testListId="8c84fa94-04c1-424b-9868-57a2d4851a1d" />
    <TestEntry testId="c90f22cc-4a57-e96e-4cc1-aded9e6ff70e" executionId="f428295b-4add-4078-9489-d5697b78656b" testListId="8c84fa94-04c1-424b-9868-57a2d4851a1d" />
    <TestEntry testId="181219d1-3cbb-9798-14ef-52423b98b9cc" executionId="ea3e9ff6-c40e-4d75-934b-f0ab5279c81f" testListId="8c84fa94-04c1-424b-9868-57a2d4851a1d" />
    <TestEntry testId="c536b53a-1aa1-95bb-da78-8113196b193e" executionId="5596aaf5-e9b9-488e-94a9-1676b7dbc25f" testListId="8c84fa94-04c1-424b-9868-57a2d4851a1d" />
    <TestEntry testId="83264ccf-7af3-95d7-e553-cf64347598ef" executionId="e7348b31-f2ff-4c09-a319-387f3e52083e" testListId="8c84fa94-04c1-424b-9868-57a2d4851a1d" />
    <TestEntry testId="f479ae4a-2614-3651-46a6-90ad857cbed6" executionId="7f13b776-723c-46dc-a4cd-312635171763" testListId="8c84fa94-04c1-424b-9868-57a2d4851a1d" />
    <TestEntry testId="ef82be41-1af1-40ea-0ae9-e293e5293581" executionId="c3de427b-9b47-4634-a4e6-e5d47cf0aafa" testListId="8c84fa94-04c1-424b-9868-57a2d4851a1d" />
    <TestEntry testId="0fe6314c-55a5-b6c2-d315-94df8660381c" executionId="9ecbc96e-d48d-4606-983d-3f78898e6e0b" testListId="8c84fa94-04c1-424b-9868-57a2d4851a1d" />
  </TestEntries>
  <TestLists>
    <TestList name="Results Not in a List" id="8c84fa94-04c1-424b-9868-57a2d4851a1d" />
    <TestList name="All Loaded Results" id="19431567-8539-422a-85d7-44ee4e166bda" />
  </TestLists>
  <ResultSummary outcome="Completed">
    <Counters total="32" executed="32" passed="32" failed="0" error="0" timeout="0" aborted="0" inconclusive="0" passedButRunAborted="0" notRunnable="0" notExecuted="0" disconnected="0" warning="0" completed="0" inProgress="0" pending="0" />
    <Output>
      <StdOut>[xUnit.net 00:00:00.00] xUnit.net VSTest Adapter v2.5.4.1+b9eacec401 (64-bit .NET 8.0.23)&#xD;
[xUnit.net 00:00:00.22]   Discovering: Recommendation.API.Tests&#xD;
[xUnit.net 00:00:00.30]   Discovered:  Recommendation.API.Tests&#xD;
[xUnit.net 00:00:00.31]   Starting:    Recommendation.API.Tests&#xD;
[xUnit.net 00:00:00.58]   Finished:    Recommendation.API.Tests&#xD;
</StdOut>
    </Output>
    <RunInfos>
      <RunInfo computerName="DELL-DIDI" outcome="Warning" timestamp="2026-02-25T19:15:19.9901140+00:00">
        <Text>Data collection : Unable to find a datacollector with friendly name 'XPlat Code Coverage'.</Text>
      </RunInfo>
      <RunInfo computerName="DELL-DIDI" outcome="Warning" timestamp="2026-02-25T19:15:19.9908642+00:00">
        <Text>Data collection : Could not find data collector 'XPlat Code Coverage'</Text>
      </RunInfo>
    </RunInfos>
  </ResultSummary>
</TestRun>