<?xml version="1.0" encoding="utf-8"?>
<TestRun id="2537342a-30aa-4a81-a091-9cbd486f8bc2" name="DELL-DIDI$@DELL-DIDI 2026-02-25 19:29:46" runUser="NT AUTHORITY\SYSTEM" xmlns="http://microsoft.com/schemas/VisualStudio/TeamTest/2010">
  <Times creation="2026-02-25T19:29:46.1362259+00:00" queuing="2026-02-25T19:29:46.1362261+00:00" start="2026-02-25T19:29:44.9046771+00:00" finish="2026-02-25T19:29:46.1418448+00:00" />
  <TestSettings name="default" id="a9eac30f-0fcb-4110-bf37-3f2ff1399ede">
    <Deployment runDeploymentRoot="DELL-DIDI$_DELL-DIDI_2026-02-25_19_29_46" />
  </TestSettings>
  <Results>
    <UnitTestResult executionId="53870661-62fa-4e11-a6d9-c705be2d4b5a" testId="80c00255-526c-3196-d827-8e58d8cc7bb2" testName="Product.API.Tests.Unit.ProductServiceTests.CreateProductAsync_ShouldReturnProduct_WhenValidDto" computerName="DELL-DIDI" duration="00:00:00.0064925" startTime="2026-02-25T19:29:46.0228104+00:00" endTime="2026-02-25T19:29:46.0228105+00:00" testType="13cdc9d9-ddb5-4fa4-a97d-d965ccfc6d4b" outcome="Passed" testListId="8c84fa94-04c1-424b-9868-57a2d4851a1d" relativeResultsDirectory="53870661-62fa-4e11-a6d9-c705be2d4b5a" />
    <UnitTestResult executionId="68f9575d-f64d-4f9a-a0aa-9ee3a758c8c5" testId="be50ddda-5589-1385-f934-7141f5dc88ce" testName="Product.API.Tests.Unit.ProductServiceTests.GetProductsAsync_ShouldReturnAllProducts" computerName="DELL-DIDI" duration="00:00:00.0050997" startTime="2026-02-25T19:29:46.0072051+00:00" endTime="2026-02-25T19:29:46.0072053+00:00" testType="13cdc9d9-ddb5-4fa4-a97d-d965ccfc6d4b" outcome="Passed" testListId="8c84fa94-04c1-424b-9868-57a2d4851a1d" relativeResultsDirectory="68f9575d-f64d-4f9a-a0aa-9ee3a758c8c5" />
    <UnitTestResult executionId="7d464676-57fe-4801-a35c-b1d5076ed6ae" testId="9030240c-dfb3-d774-5685-bda1c19d8399" testName="Product.API.Tests.Unit.ProductServiceTests.DeleteProductAsync_ShouldCallRepository" computerName="DELL-DIDI" duration="00:00:00.0089564" startTime="2026-02-25T19:29:46.0162377+00:00" endTime="2026-02-25T19:29:46.0162380+00:00" testType="13cdc9d9-ddb5-4fa4-a97d-d965ccfc6d4b" outcome="Passed" testListId="8c84fa94-04c1-424b-9868-57a2d4851a1d" relativeResultsDirectory="7d464676-57fe-4801-a35c-b1d5076ed6ae" />
    <UnitTestResult executionId="872e2c17-57de-4c30-ae2e-eba3090dd231" testId="956e4d34-71fa-dd70-4918-f593b763648d" testName="Product.API.Tests.Unit.ProductServiceTests.GetProductByIdAsync_ShouldReturnProduct_WhenFound" computerName="DELL-DIDI" duration="00:00:00.0005777" startTime="2026-02-25T19:29:46.0234422+00:00" endTime="2026-02-25T19:29:46.0234423+00:00" testType="13cdc9d9-ddb5-4fa4-a97d-d965ccfc6d4b" outcome="Passed" testListId="8c84fa94-04c1-424b-9868-57a2d4851a1d" relativeResultsDirectory="872e2c17-57de-4c30-ae2e-eba3090dd231" />
    <UnitTestResult executionId="4f4b5828-bbd0-42e6-be7e-690d3db1258d" testId="0346c5f2-75ab-e298-fc8f-1906e61ba226" testName="Product.API.Tests.Unit.ProductServiceTests.GetProductByIdAsync_ShouldReturnNull_WhenProductNotFound" computerName="DELL-DIDI" duration="00:00:00.0722515" startTime="2026-02-25T19:29:45.9943744+00:00" endTime="2026-02-25T19:29:45.9944053+00:00" testType="13cdc9d9-ddb5-4fa4-a97d-d965ccfc6d4b" outcome="Passed" testListId="8c84fa94-04c1-424b-9868-57a2d4851a1d" relativeResultsDirectory="4f4b5828-bbd0-42e6-be7e-690d3db1258d" />
    <UnitTestResult executionId="97165c03-41c1-4874-86fe-6f58866bcd7c" testId="3fe9a809-3bbc-6afb-970c-0e4cef07e4b1" testName="Product.API.Tests.Unit.ProductServiceTests.DecrementStockAsync_ShouldThrow_WhenInsufficientStock" computerName="DELL-DIDI" duration="00:00:00.0081353" startTime="2026-02-25T19:29:46.0028425+00:00" endTime="2026-02-25T19:29:46.0028427+00:00" testType="13cdc9d9-ddb5-4fa4-a97d-d965ccfc6d4b" outcome="Passed" testListId="8c84fa94-04c1-424b-9868-57a2d4851a1d" relativeResultsDirectory="97165c03-41c1-4874-86fe-6f58866bcd7c" />
    <UnitTestResult executionId="095b7369-f843-4878-99d1-caaca0eb1c43" testId="3b02a392-1aee-f4ef-3082-4f3578482c79" testName="Product.API.Tests.Unit.ProductServiceTests.DecrementStockAsync_ShouldReturnFalse_WhenProductNotFound" computerName="DELL-DIDI" duration="00:00:00.0005574" startTime="2026-02-25T19:29:46.0254780+00:00" endTime="2026-02-25T19:29:46.0254787+00:00" testType="13cdc9d9-ddb5-4fa4-a97d-d965ccfc6d4b" outcome="Passed" testListId="8c84fa94-04c1-424b-9868-57a2d4851a1d" relativeResultsDirectory="095b7369-f843-4878-99d1-caaca0eb1c43" />
    <UnitTestResult executionId="0472730e-0aeb-4d79-829c-48f1a88134f0" testId="b8cdc521-ec1c-9c79-1486-101045310717" testName="Product.API.Tests.Unit.ProductServiceTests.UpdateProductAsync_ShouldReturnFalse_WhenProductNotFound" computerName="DELL-DIDI" duration="00:00:00.0013759" startTime="2026-02-25T19:29:46.0248659+00:00" endTime="2026-02-25T19:29:46.0248661+00:00" testType="13cdc9d9-ddb5-4fa4-a97d-d965ccfc6d4b" outcome="Passed" testListId="8c84fa94-04c1-424b-9868-57a2d4851a1d" relativeResultsDirectory="0472730e-0aeb-4d79-829c-48f1a88134f0" />
  </Results>
  <TestDefinitions>
    <UnitTest name="Product.API.Tests.Unit.ProductServiceTests.DecrementStockAsync_ShouldReturnFalse_WhenProductNotFound" storage="d:\marketplace-clean\tests\product.api.tests\bin\release\net8.0\product.api.tests.dll" id="3b02a392-1aee-f4ef-3082-4f3578482c79">
      <Execution id="095b7369-f843-4878-99d1-caaca0eb1c43" />
      <TestMethod codeBase="D:\marketplace-clean\Tests\Product.API.Tests\bin\Release\net8.0\Product.API.Tests.dll" adapterTypeName="executor://xunit/VsTestRunner2/netcoreapp" className="Product.API.Tests.Unit.ProductServiceTests" name="DecrementStockAsync_ShouldReturnFalse_WhenProductNotFound" />
    </UnitTest>
    <UnitTest name="Product.API.Tests.Unit.ProductServiceTests.UpdateProductAsync_ShouldReturnFalse_WhenProductNotFound" storage="d:\marketplace-clean\tests\product.api.tests\bin\release\net8.0\product.api.tests.dll" id="b8cdc521-ec1c-9c79-1486-101045310717">
      <Execution id="0472730e-0aeb-4d79-829c-48f1a88134f0" />
      <TestMethod codeBase="D:\marketplace-clean\Tests\Product.API.Tests\bin\Release\net8.0\Product.API.Tests.dll" adapterTypeName="executor://xunit/VsTestRunner2/netcoreapp" className="Product.API.Tests.Unit.ProductServiceTests" name="UpdateProductAsync_ShouldReturnFalse_WhenProductNotFound" />
    </UnitTest>
    <UnitTest name="Product.API.Tests.Unit.ProductServiceTests.GetProductByIdAsync_ShouldReturnProduct_WhenFound" storage="d:\marketplace-clean\tests\product.api.tests\bin\release\net8.0\product.api.tests.dll" id="956e4d34-71fa-dd70-4918-f593b763648d">
      <Execution id="872e2c17-57de-4c30-ae2e-eba3090dd231" />
      <TestMethod codeBase="D:\marketplace-clean\Tests\Product.API.Tests\bin\Release\net8.0\Product.API.Tests.dll" adapterTypeName="executor://xunit/VsTestRunner2/netcoreapp" className="Product.API.Tests.Unit.ProductServiceTests" name="GetProductByIdAsync_ShouldReturnProduct_WhenFound" />
    </UnitTest>
    <UnitTest name="Product.API.Tests.Unit.ProductServiceTests.CreateProductAsync_ShouldReturnProduct_WhenValidDto" storage="d:\marketplace-clean\tests\product.api.tests\bin\release\net8.0\product.api.tests.dll" id="80c00255-526c-3196-d827-8e58d8cc7bb2">
      <Execution id="53870661-62fa-4e11-a6d9-c705be2d4b5a" />
      <TestMethod codeBase="D:\marketplace-clean\Tests\Product.API.Tests\bin\Release\net8.0\Product.API.Tests.dll" adapterTypeName="executor://xunit/VsTestRunner2/netcoreapp" className="Product.API.Tests.Unit.ProductServiceTests" name="CreateProductAsync_ShouldReturnProduct_WhenValidDto" />
    </UnitTest>
    <UnitTest name="Product.API.Tests.Unit.ProductServiceTests.GetProductByIdAsync_ShouldReturnNull_WhenProductNotFound" storage="d:\marketplace-clean\tests\product.api.tests\bin\release\net8.0\product.api.tests.dll" id="0346c5f2-75ab-e298-fc8f-1906e61ba226">
      <Execution id="4f4b5828-bbd0-42e6-be7e-690d3db1258d" />
      <TestMethod codeBase="D:\marketplace-clean\Tests\Product.API.Tests\bin\Release\net8.0\Product.API.Tests.dll" adapterTypeName="executor://xunit/VsTestRunner2/netcoreapp" className="Product.API.Tests.Unit.ProductServiceTests" name="GetProductByIdAsync_ShouldReturnNull_WhenProductNotFound" />
    </UnitTest>
    <UnitTest name="Product.API.Tests.Unit.ProductServiceTests.DeleteProductAsync_ShouldCallRepository" storage="d:\marketplace-clean\tests\product.api.tests\bin\release\net8.0\product.api.tests.dll" id="9030240c-dfb3-d774-5685-bda1c19d8399">
      <Execution id="7d464676-57fe-4801-a35c-b1d5076ed6ae" />
      <TestMethod codeBase="D:\marketplace-clean\Tests\Product.API.Tests\bin\Release\net8.0\Product.API.Tests.dll" adapterTypeName="executor://xunit/VsTestRunner2/netcoreapp" className="Product.API.Tests.Unit.ProductServiceTests" name="DeleteProductAsync_ShouldCallRepository" />
    </UnitTest>
    <UnitTest name="Product.API.Tests.Unit.ProductServiceTests.GetProductsAsync_ShouldReturnAllProducts" storage="d:\marketplace-clean\tests\product.api.tests\bin\release\net8.0\product.api.tests.dll" id="be50ddda-5589-1385-f934-7141f5dc88ce">
      <Execution id="68f9575d-f64d-4f9a-a0aa-9ee3a758c8c5" />
      <TestMethod codeBase="D:\marketplace-clean\Tests\Product.API.Tests\bin\Release\net8.0\Product.API.Tests.dll" adapterTypeName="executor://xunit/VsTestRunner2/netcoreapp" className="Product.API.Tests.Unit.ProductServiceTests" name="GetProductsAsync_ShouldReturnAllProducts" />
    </UnitTest>
    <UnitTest name="Product.API.Tests.Unit.ProductServiceTests.DecrementStockAsync_ShouldThrow_WhenInsufficientStock" storage="d:\marketplace-clean\tests\product.api.tests\bin\release\net8.0\product.api.tests.dll" id="3fe9a809-3bbc-6afb-970c-0e4cef07e4b1">
      <Execution id="97165c03-41c1-4874-86fe-6f58866bcd7c" />
      <TestMethod codeBase="D:\marketplace-clean\Tests\Product.API.Tests\bin\Release\net8.0\Product.API.Tests.dll" adapterTypeName="executor://xunit/VsTestRunner2/netcoreapp" className="Product.API.Tests.Unit.ProductServiceTests" name="DecrementStockAsync_ShouldThrow_WhenInsufficientStock" />
    </UnitTest>
  </TestDefinitions>
  <TestEntries>
    <TestEntry testId="80c00255-526c-3196-d827-8e58d8cc7bb2" executionId="53870661-62fa-4e11-a6d9-c705be2d4b5a" testListId="8c84fa94-04c1-424b-9868-57a2d4851a1d" />
    <TestEntry testId="be50ddda-5589-1385-f934-7141f5dc88ce" executionId="68f9575d-f64d-4f9a-a0aa-9ee3a758c8c5" testListId="8c84fa94-04c1-424b-9868-57a2d4851a1d" />
    <TestEntry testId="9030240c-dfb3-d774-5685-bda1c19d8399" executionId="7d464676-57fe-4801-a35c-b1d5076ed6ae" testListId="8c84fa94-04c1-424b-9868-57a2d4851a1d" />
    <TestEntry testId="956e4d34-71fa-dd70-4918-f593b763648d" executionId="872e2c17-57de-4c30-ae2e-eba3090dd231" testListId="8c84fa94-04c1-424b-9868-57a2d4851a1d" />
    <TestEntry testId="0346c5f2-75ab-e298-fc8f-1906e61ba226" executionId="4f4b5828-bbd0-42e6-be7e-690d3db1258d" testListId="8c84fa94-04c1-424b-9868-57a2d4851a1d" />
    <TestEntry testId="3fe9a809-3bbc-6afb-970c-0e4cef07e4b1" executionId="97165c03-41c1-4874-86fe-6f58866bcd7c" testListId="8c84fa94-04c1-424b-9868-57a2d4851a1d" />
    <TestEntry testId="3b02a392-1aee-f4ef-3082-4f3578482c79" executionId="095b7369-f843-4878-99d1-caaca0eb1c43" testListId="8c84fa94-04c1-424b-9868-57a2d4851a1d" />
    <TestEntry testId="b8cdc521-ec1c-9c79-1486-101045310717" executionId="0472730e-0aeb-4d79-829c-48f1a88134f0" testListId="8c84fa94-04c1-424b-9868-57a2d4851a1d" />
  </TestEntries>
  <TestLists>
    <TestList name="Results Not in a List" id="8c84fa94-04c1-424b-9868-57a2d4851a1d" />
    <TestList name="All Loaded Results" id="19431567-8539-422a-85d7-44ee4e166bda" />
  </TestLists>
  <ResultSummary outcome="Completed">
    <Counters total="8" executed="8" passed="8" failed="0" error="0" timeout="0" aborted="0" inconclusive="0" passedButRunAborted="0" notRunnable="0" notExecuted="0" disconnected="0" warning="0" completed="0" inProgress="0" pending="0" />
    <Output>
      <StdOut>[xUnit.net 00:00:00.00] xUnit.net VSTest Adapter v2.5.4.1+b9eacec401 (64-bit .NET 8.0.23)&#xD;
[xUnit.net 00:00:00.13]   Discovering: Product.API.Tests&#xD;
[xUnit.net 00:00:00.16]   Discovered:  Product.API.Tests&#xD;
[xUnit.net 00:00:00.16]   Starting:    Product.API.Tests&#xD;
[xUnit.net 00:00:00.31]   Finished:    Product.API.Tests&#xD;
</StdOut>
    </Output>
    <RunInfos>
      <RunInfo computerName="DELL-DIDI" outcome="Warning" timestamp="2026-02-25T19:29:45.6041687+00:00">
        <Text>Data collection : Unable to find a datacollector with friendly name 'XPlat Code Coverage'.</Text>
      </RunInfo>
      <RunInfo computerName="DELL-DIDI" outcome="Warning" timestamp="2026-02-25T19:29:45.6044197+00:00">
        <Text>Data collection : Could not find data collector 'XPlat Code Coverage'</Text>
      </RunInfo>
    </RunInfos>
  </ResultSummary>
</TestRun>